[00:00:46] Terno_Tommys - /kamion lerak
[00:00:49] Terno_Tommys - /kamion
[00:00:52] Terno_Tommys - /kamion lerak
[00:00:53] Terno_Tommys - /kamion lerak
[00:00:54] Terno_Tommys - /kamion lerak
[00:00:54] Terno_Tommys - /kamion lerak
[00:04:57] Terno_Tommys - /login
[00:05:32] Terno_Tommys - /login
[00:05:45] Terno_Tommys - /kamion szállít
[00:05:55] Terno_Tommys - /kamion szállít
[00:06:06] Terno_Tommys - /kamion szállít
[00:09:07] Terno_Tommys - /login
[00:09:24] Terno_Tommys - /kamion szállítás
[00:09:27] Terno_Tommys - /kamion szállít
[00:09:35] Terno_Tommys - /kamion szállít
[00:09:37] Terno_Tommys - /kamion szállít
[00:09:45] Terno_Tommys - /kamion szállít
[00:09:46] Terno_Tommys - /kamion szállít
[00:11:48] Terno_Tommys - /login
[00:12:03] Terno_Tommys - /kamion szállít
[00:12:20] Terno_Tommys - /kamion szállít
[00:13:55] Terno_Tommys - /login
[00:14:24] Terno_Tommys - /kamion szállít
[00:14:28] Terno_Tommys - /kamion szállít
[00:15:46] Terno_Tommys - /lakapcsol
[00:15:51] Terno_Tommys - /lekapcsol
[00:16:01] Terno_Tommys - /kamion lerak
[00:16:20] Terno_Tommys - /kamion lerak
[00:16:52] Terno_Tommys - /tele
[00:17:03] Terno_Tommys - /kamion szállít
[00:17:07] Terno_Tommys - /kamion szállít
[00:17:13] Terno_Tommys - /kamion töröl
[00:17:20] Terno_Tommys - /kamion szállít
[00:17:22] Terno_Tommys - /kamion töröl
[00:17:27] Terno_Tommys - /kamion szállít
[00:17:30] Terno_Tommys - /kamion töröl
[00:17:48] Terno_Tommys - /crs
[00:17:52] Terno_Tommys - /crs
[00:17:55] Terno_Tommys - /crs
[00:24:49] Terno_Kiss_Rati - /login
[00:25:00] Terno_Tommys - /makeadmin 1 1338
[00:25:06] Terno_Tommys - /fa /tele kamion hq
[00:25:07] Harold_Sylvester - /login
[00:25:10] Terno_Kiss_Rati - /tele
[00:25:11] Terno_Tommys - /fa /setskin id
[00:25:21] Harold_Sylvester - /Tele
[00:25:26] Terno_Tommys - /adminadomany 2 1338
[00:25:34] Terno_Tommys - /nevek
[00:25:44] Terno_Kiss_Rati - /setskin id
[00:25:44] Terno_Tommys - /adminadomany 2 50000
[00:25:47] Terno_Kiss_Rati - /setskin id 221
[00:25:49] Terno_Tommys - /adminadomany 1 50000
[00:25:52] Terno_Kiss_Rati - /setskin id 220
[00:26:02] Harold_Sylvester - /Setskin
[00:26:08] Harold_Sylvester - /Setskin harold_s 1
[00:26:10] Terno_Tommys - /fa /setskin 1 id
[00:26:11] Harold_Sylvester - /Setskin harold_s 0
[00:26:12] Terno_Kiss_Rati - /setskin 1 221
[00:26:16] Harold_Sylvester - /Setskin harold_s 235
[00:26:18] Terno_Kiss_Rati - /setskin 1 220
[00:26:21] Harold_Sylvester - /Setskin harold_s 237
[00:26:21] Terno_Kiss_Rati - /setskin 1 222
[00:26:23] Terno_Tommys - /fa /fa
[00:26:27] Harold_Sylvester - /fa
[00:26:28] Terno_Kiss_Rati - /setskin 1 122
[00:26:30] Terno_Kiss_Rati - /setskin 1 123
[00:26:30] Harold_Sylvester - /FA ?
[00:26:32] Terno_Kiss_Rati - /setskin 1 124
[00:26:34] Terno_Kiss_Rati - /setskin 1 125
[00:26:36] Terno_Kiss_Rati - /setskin 1 126
[00:26:36] Terno_Tommys - /fa /veh roadtrain
[00:26:38] Terno_Kiss_Rati - /setskin 1 127
[00:26:40] Terno_Kiss_Rati - /setskin 1 128
[00:26:41] Terno_Tommys - /veh roadtrain
[00:26:42] Terno_Kiss_Rati - /setskin 1 129
[00:26:46] Terno_Kiss_Rati - /setskin 1 130
[00:26:48] Harold_Sylvester - /veh roadtrian
[00:26:48] Terno_Kiss_Rati - /setskin 1 131
[00:27:01] Terno_Kiss_Rati - /veh roadtrain
[00:27:02] Harold_Sylvester - /fa ez a baba ami rajtam van 
[00:27:04] Terno_Tommys - /kamion szállít
[00:27:08] Harold_Sylvester - /Setskin harold_S 180
[00:27:16] Harold_Sylvester - /S Indián
[00:27:16] Terno_Kiss_Rati - /veh roadtrain
[00:27:17] Terno_Tommys - /kamion szállít
[00:27:29] Harold_Sylvester - /fa Én segitettem :d
[00:27:35] Terno_Kiss_Rati - /veh roadtrain
[00:27:45] Harold_Sylvester - /Af Na mester mit kell csinálni?
[00:27:49] Terno_Tommys - /fa én megyek LV chuck
[00:27:59] Harold_Sylvester - /kamion
[00:28:02] Terno_Kiss_Rati - /kamion
[00:28:02] Harold_Sylvester - /kamion szállít
[00:28:06] Terno_Kiss_Rati - /kamion szállít
[00:28:13] Harold_Sylvester - /fa LS KIKÖTÕÕÕÕ
[00:28:24] Terno_Tommys - /fa ok majd figyeld add -e pénzt meg mennyit
[00:28:27] Terno_Kiss_Rati - /kamion szállít
[00:28:33] Harold_Sylvester - /af Ok
[00:28:35] Harold_Sylvester - /Fa ok
[00:28:43] Terno_Kiss_Rati - /kamion szállít
[00:29:09] Harold_Sylvester - /fa Õ hozzám jön óó :D
[00:29:27] Harold_Sylvester - /FA Gyere Ratika megyünk Konvojban :D Én leszek hátul
[00:29:32] Terno_Tommys - /fa /atuning nitro
[00:29:32] Terno_Kiss_Rati - /a xDD
[00:29:39] Harold_Sylvester - /A Na 
[00:29:41] Harold_Sylvester - /A He
[00:29:45] Harold_Sylvester - /A :-(
[00:29:47] Terno_Tommys - /a /ah
[00:29:49] Harold_Sylvester - /A Sírni fogok
[00:29:51] Harold_Sylvester - /Ah
[00:29:52] Terno_Kiss_Rati - /a ennyi xd
[00:30:22] Harold_Sylvester - /A Én nem kapok ?
[00:30:28] Terno_Tommys - /kamion lerak
[00:30:42] Terno_Tommys - /fa nekem lerakta LV-be 14k-t adott, és 4 sec freeze
[00:30:57] Harold_Sylvester - /af Eltévedtem
[00:31:00] Terno_Tommys - /tele
[00:31:02] Harold_Sylvester - /fa Eltévedtem
[00:31:22] Harold_Sylvester - /fa hogy kell lerakni a motyót mesteR?
[00:31:29] Terno_Tommys - /fa /kamion lerak
[00:31:33] Harold_Sylvester - /kamion lerak
[00:31:33] Terno_Tommys - /kamion szállít
[00:31:37] Harold_Sylvester - /fa Baba
[00:31:49] Harold_Sylvester - /fa He csak 8 k
[00:31:55] Terno_Tommys - /kamion töröl
[00:31:55] Harold_Sylvester - /come
[00:31:56] Harold_Sylvester - /come
[00:31:57] Terno_Tommys - /kamion szállít
[00:31:57] Terno_Kiss_Rati - /kamion lerak
[00:32:07] Harold_Sylvester - /tele
[00:32:08] Terno_Tommys - /tele
[00:32:08] Terno_Kiss_Rati - /kamion lerak
[00:32:13] Terno_Tommys - /crs
[00:32:15] Harold_Sylvester - /tele
[00:32:19] Harold_Sylvester - /tele
[00:32:24] Terno_Tommys - /getcar 405
[00:32:26] Harold_Sylvester - /crs
[00:32:26] Terno_Kiss_Rati - /tele
[00:32:28] Terno_Tommys - /getcar 455
[00:32:29] Harold_Sylvester - /crs
[00:32:45] Harold_Sylvester - /S Szia Baby
[00:33:19] Terno_Kiss_Rati - /a xd
[00:33:23] Terno_Tommys - /kamion lerak
[00:33:37] Terno_Tommys - /a mond ha indítasz újjat
[00:33:38] Harold_Sylvester - /a Látod én nem kapok super motyót :-(
[00:33:42] Terno_Tommys - /a és hogy hova kell menni
[00:33:43] Harold_Sylvester - /kamion szállít
[00:33:49] Terno_Kiss_Rati - /kamion szállít
[00:33:51] Harold_Sylvester - /fa LV Sivatag
[00:33:51] Terno_Tommys - /tele
[00:34:01] Harold_Sylvester - /fa Jaja XD
[00:34:11] Harold_Sylvester - /FA Khm Terno ez már le van rendezve :d
[00:34:14] Terno_Tommys - /kamion szállít
[00:34:25] Terno_Tommys - /tele
[00:34:29] Harold_Sylvester - /fa Rati te merre mész?
[00:34:42] Terno_Tommys - /crs
[00:34:43] Terno_Tommys - /tele
[00:34:45] Harold_Sylvester - /Find
[00:34:45] Terno_Tommys - /tele
[00:34:58] Terno_Tommys - /getcar 455
[00:35:02] Terno_Tommys - /tele
[00:35:13] Terno_Tommys - /gotocar 455
[00:35:19] Terno_Tommys - /getcar 458
[00:35:26] Terno_Tommys - /crs
[00:35:30] Terno_Tommys - /veh trailer
[00:35:35] Harold_Sylvester - /fa Jaj Ratika itt hagyott :-(
[00:35:48] Harold_Sylvester - /FA Facebookon voltam 5 percig 
[00:36:00] Terno_Tommys - /atuning nitro
[00:36:13] Harold_Sylvester - /fa Nito?
[00:36:16] Harold_Sylvester - /fa nitro?
[00:36:23] Harold_Sylvester - /atuning nito
[00:36:27] Harold_Sylvester - /atuning nitro
[00:36:33] Harold_Sylvester - /FA Jeee
[00:36:36] Terno_Tommys - /atuning nitro
[00:37:26] Terno_Tommys - /kamion lerak
[00:37:34] Terno_Tommys - /tele
[00:37:45] Terno_Kiss_Rati - /kamion lerak
[00:37:50] Terno_Kiss_Rati - /tele
[00:38:00] Terno_Tommys - /acrmost
[00:38:21] Harold_Sylvester - /fa na pill ádi felhívott
[00:38:23] Terno_Tommys - /kamion szállít
[00:38:28] Harold_Sylvester - /fa Nee
[00:38:29] Harold_Sylvester - /tele
[00:38:32] Terno_Kiss_Rati - /kamion szállít
[00:38:48] Terno_Kiss_Rati - /kamion szállít
[00:38:55] Harold_Sylvester - /fa elviszem a felkapott cuccot
[00:39:05] Harold_Sylvester - /FA csak hívott ádi és leesett a pótkocsi
[00:39:29] Harold_Sylvester - /fa gyáá
[00:39:36] Harold_Sylvester - /Tuning nitro
[00:39:46] Harold_Sylvester - /atuning nitro
[00:40:10] Harold_Sylvester - /atuning nitro
[00:40:17] Terno_Tommys - /kamion lerak
[00:40:37] Harold_Sylvester - /pm 1 Gyá itt is megy :d
[00:40:40] Terno_Tommys - /kamion lerak
[00:40:47] Terno_Tommys - /kamion lerak
[00:40:48] Harold_Sylvester - /onduty
[00:40:49] Terno_Kiss_Rati - /pm 2 xd
[00:40:50] Terno_Tommys - /kamion lerak
[00:40:54] Harold_Sylvester - /asayn Úgy ám
[00:40:58] Terno_Tommys - /veh trailer
[00:41:00] Harold_Sylvester - /atuning nitro
[00:41:10] Harold_Sylvester - /pm 1 Szeretsz?
[00:41:18] Terno_Tommys - /kamion lerak
[00:41:20] Terno_Tommys - /kamion lerak
[00:41:26] Terno_Kiss_Rati - /pm 2 imádlak (L) :D
[00:41:31] Terno_Tommys - /tele
[00:41:36] Harold_Sylvester - /kamion lerak
[00:41:45] Harold_Sylvester - /pm 1 Jólvan többit majd msn-en :-)
[00:41:50] Harold_Sylvester - /fa terno
[00:41:52] Terno_Kiss_Rati - /pm 2 kk :D
[00:41:57] Harold_Sylvester - /fa Jó lett Grat
[00:41:57] Terno_Tommys - /a próbáld ki /lekapcsol
[00:42:07] Harold_Sylvester - /tele
[00:42:12] Harold_Sylvester - /Tele
[00:42:24] Harold_Sylvester - /FA Micsoda?
[00:42:32] Harold_Sylvester - /FA Nem én voltam
[00:42:34] Terno_Tommys - /a próbáld ki /lekapcsol
[00:42:46] Terno_Tommys - /lekapcsol
[00:42:47] Terno_Kiss_Rati - /kamion lerak
[00:42:47] Harold_Sylvester - /lekapcsol
[00:42:49] Terno_Tommys - /lekapcsol
[00:42:51] Harold_Sylvester - /a Jó
[00:43:01] Terno_Tommys - /a néha picit kell menni közbe de leszedi
[00:43:06] Terno_Kiss_Rati - /kamion lerak
[00:43:15] Terno_Tommys - /a extra kívánság?
[00:43:21] Terno_Tommys - /motor
[00:43:42] Terno_Tommys - /a részemrõl ennyi volt, ha csak nem tudtok egy két jó helyet
[00:43:47] Terno_Kiss_Rati - /a verjem bele xd -.-
[00:43:49] Terno_Tommys - /a ahova lehetne még vinni  cuccot
[00:43:57] Terno_Tommys - /tv terno_K
[00:44:10] Harold_Sylvester - /Tv 1
[00:44:11] Terno_Tommys - /destroycars
[00:44:18] Terno_Tommys - /tv
[00:44:20] Harold_Sylvester - /a Dik XD
[00:44:21] Terno_Kiss_Rati - /a kukkolók xd
[00:44:27] Terno_Kiss_Rati - /a sicc
[00:44:28] Harold_Sylvester - /A Hm XD
[00:44:49] Harold_Sylvester - /A Igaz Terno esténként a fûbe ülve borral nézzük õt popcornnal?
[00:44:50] Terno_Tommys - /lift
[00:44:59] Harold_Sylvester - /A ezt megaszontam
[00:45:01] Harold_Sylvester - /A Zsír
[00:45:03] Harold_Sylvester - /Tv off
[00:45:06] Terno_Tommys - /onduty
[00:45:10] Harold_Sylvester - /asayn Lajos a VH
[00:45:12] Terno_Kiss_Rati - /onduty
[00:45:15] Terno_Kiss_Rati - /tele
[00:45:21] Harold_Sylvester - /kick 1 Teszt
[00:45:22] Terno_Tommys - /a /givegun neved minigun 999
[00:45:24] Harold_Sylvester - /kick
[00:45:29] Harold_Sylvester - /kick 1 Teszt
[00:45:32] Harold_Sylvester - /kick 0 Teszt
[00:45:35] Terno_Kiss_Rati - /givegun minigun terno_K
[00:45:37] Harold_Sylvester - /Fly
[00:45:38] Terno_Tommys - /a /givegun neved rocket 999
[00:45:38] Harold_Sylvester - /Fly
[00:45:39] Harold_Sylvester - /Fly
[00:45:40] Harold_Sylvester - /Fly
[00:45:42] Harold_Sylvester - /A Bakker
[00:45:44] Harold_Sylvester - /A írja?
[00:45:51] Terno_Kiss_Rati - /givegun 1 minigun
[00:45:56] Harold_Sylvester - /givegun harold_s minigun 999
[00:45:59] Harold_Sylvester - /F e m4
[00:46:00] Terno_Kiss_Rati - /givegun 1 minigun 999
[00:46:02] Harold_Sylvester - /f e minigun
[00:46:06] Terno_Tommys - //givegun neved rocket 999
[00:46:09] Terno_Tommys - /givegun neved rocket 999
[00:46:11] Terno_Kiss_Rati - /f e minigun
[00:46:15] Terno_Tommys - /givegun
[00:46:20] Terno_Tommys - /givegun terno_T minigun 999
[00:46:23] Terno_Tommys - /f e minigun
[00:46:26] Terno_Tommys - /asegit terno_T
[00:46:33] Terno_Tommys - /sethp terno_T 50000
[00:46:38] Terno_Tommys - /sethp terno_T 200
[00:46:41] Terno_Tommys - /sethp terno_T 999
[00:46:46] Harold_Sylvester - /nevek
[00:46:49] Terno_Tommys - /f e minigun
[00:46:56] Harold_Sylvester - /a Dik ez mi?
[00:47:01] Harold_Sylvester - /A /kiss-re il
[00:47:10] Harold_Sylvester - /A Ilyen idegbeteg rángása van a karinak
[00:47:15] Terno_Tommys - /kis
[00:47:17] Harold_Sylvester - /givegun harold_s minigun 999
[00:47:20] Harold_Sylvester - /F e minigun
[00:47:22] Terno_Tommys - /f k
[00:47:28] Harold_Sylvester - /goto terno_t
[00:47:38] Terno_Kiss_Rati - /asegit 1
[00:47:40] Terno_Tommys - /robbant harold
[00:47:43] Harold_Sylvester - /robbant
[00:47:46] Harold_Sylvester - /robbant terno_t
[00:47:48] Terno_Tommys - /pm 1 /robbant harold
[00:47:50] Terno_Tommys - /robbant harold
[00:47:50] Harold_Sylvester - /A HEHEHEHHEHEHE
[00:47:51] Terno_Tommys - /robbant harold
[00:47:52] Terno_Tommys - /robbant harold
[00:47:52] Terno_Tommys - /robbant harold
[00:47:53] Terno_Tommys - /robbant harold
[00:47:53] Harold_Sylvester - /robbant terno_t
[00:47:53] Harold_Sylvester - /robbant terno_t
[00:47:54] Harold_Sylvester - /robbant terno_t
[00:47:54] Terno_Tommys - /robbant harold
[00:47:54] Harold_Sylvester - /robbant terno_t
[00:47:55] Harold_Sylvester - /robbant terno_t
[00:47:55] Terno_Tommys - /robbant harold
[00:47:55] Harold_Sylvester - /robbant terno_t
[00:47:55] Terno_Tommys - /robbant harold
[00:47:55] Harold_Sylvester - /robbant terno_t
[00:47:56] Terno_Tommys - /robbant harold
[00:47:56] Harold_Sylvester - /robbant terno_t
[00:47:56] Terno_Tommys - /robbant harold
[00:47:56] Terno_Kiss_Rati - /pm 2 miért utálod pécset? :O
[00:47:56] Terno_Tommys - /robbant harold
[00:47:56] Harold_Sylvester - /robbant terno_t
[00:47:57] Terno_Tommys - /robbant harold
[00:47:57] Harold_Sylvester - /robbant terno_t
[00:47:57] Harold_Sylvester - /robbant terno_t
[00:47:57] Harold_Sylvester - /robbant terno_t
[00:48:00] Terno_Tommys - /robbant harold
[00:48:01] Terno_Tommys - /robbant harold
[00:48:01] Terno_Tommys - /robbant harold
[00:48:01] Terno_Tommys - /robbant harold
[00:48:02] Terno_Tommys - /robbant harold
[00:48:02] Terno_Tommys - /robbant harold
[00:48:03] Terno_Tommys - /robbant harold
[00:48:03] Terno_Tommys - /robbant harold
[00:48:03] Terno_Tommys - /robbant harold
[00:48:04] Harold_Sylvester - /robbant terno_t
[00:48:05] Harold_Sylvester - /robbant terno_t
[00:48:05] Harold_Sylvester - /robbant terno_t
[00:48:05] Harold_Sylvester - /robbant terno_tt
[00:48:06] Harold_Sylvester - /robbant terno_tt
[00:48:07] Harold_Sylvester - /robbant terno_t
[00:48:08] Terno_Kiss_Rati - /robbant 2
[00:48:08] Harold_Sylvester - /robbant terno_t
[00:48:08] Harold_Sylvester - /robbant terno_t
[00:48:09] Terno_Kiss_Rati - /robbant 2
[00:48:09] Harold_Sylvester - /robbant terno_t
[00:48:09] Harold_Sylvester - /robbant terno_t
[00:48:09] Terno_Kiss_Rati - /robbant 2
[00:48:10] Harold_Sylvester - /robbant terno_t
[00:48:10] Terno_Kiss_Rati - /robbant 2
[00:48:10] Harold_Sylvester - /robbant terno_t
[00:48:10] Terno_Kiss_Rati - /robbant 2
[00:48:10] Harold_Sylvester - /robbant terno_t
[00:48:11] Harold_Sylvester - /robbant terno_t
[00:48:11] Harold_Sylvester - /robbant terno_t
[00:48:12] Harold_Sylvester - /robbant terno_t
[00:48:12] Harold_Sylvester - /robbant terno_t
[00:48:13] Harold_Sylvester - /robbant terno_t
[00:48:13] Harold_Sylvester - /robbant terno_t
[00:48:13] Terno_Kiss_Rati - /robbant 2
[00:48:13] Harold_Sylvester - /robbant terno_t
[00:48:20] Harold_Sylvester - /Asayn Ez jól esett
[00:48:25] Harold_Sylvester - /unfreeze harold_s
[00:48:35] Terno_Kiss_Rati - /jail
[00:48:39] Harold_Sylvester - /pm 1 mert mindentõl messze van és mindenkitõl
[00:48:51] Terno_Kiss_Rati - /jail 0 admin 0 WOOOOW XD
[00:48:57] Harold_Sylvester - /givegun harold_s minigun 999
[00:49:01] Terno_Kiss_Rati - /jail 0 admin 1 WOOOOW XD
[00:49:08] Harold_Sylvester - /jail harold_s kórház 0 Hehehe
[00:49:13] Harold_Sylvester - /givegun harold_s minigun 999
[00:49:16] Harold_Sylvester - /f e minigun
[00:50:01] Harold_Sylvester - /login
[00:50:13] Harold_Sylvester - /givegun harold_s minigun 999
[00:50:17] Harold_Sylvester - /f e minigun
[00:50:20] Harold_Sylvester - /goto
[00:50:24] Harold_Sylvester - /goto terno_t
[00:50:31] Harold_Sylvester - /goto terno_k
[00:50:42] Harold_Sylvester - /Asayn Egyedül vagyok én vagyok a powerek powere
[00:50:56] Terno_Tommys - /login
[00:51:07] Terno_Tommys - /jail terno_T admin 0 ok
[00:51:16] Terno_Tommys - /respawn terno_T
[00:51:19] Terno_Tommys - /respawn terno_T
[00:51:24] Terno_Tommys - /goto
[00:51:28] Terno_Tommys - /tele
[00:51:30] Harold_Sylvester - /goto terno_t
[00:51:34] Terno_Tommys - /biz go 14
[00:51:40] Terno_Tommys - /asegit terno_T
[00:51:44] Harold_Sylvester - /asayn BÁNZÁJJJJJJJ
[00:51:46] Terno_Tommys - /veh enfocer
[00:51:47] Harold_Sylvester - /goto terno_t
[00:51:54] Harold_Sylvester - /tele
[00:51:55] Terno_Tommys - /biz go 14
[00:51:59] Terno_Tommys - /veh turismo
[00:52:02] Terno_Tommys - /veh turismo
[00:52:06] Terno_Tommys - /veh turismo
[00:52:10] Harold_Sylvester - /asayn Miért akarod te ezt megvenni?
[00:52:11] Harold_Sylvester - /f k
[00:52:15] Terno_Tommys - /veh infernus
[00:52:21] Terno_Tommys - /getcar 458
[00:52:37] Harold_Sylvester - /F e minigun
[00:52:48] Terno_Tommys - /wine-fw
[00:52:49] Terno_Tommys - /wine-fw
[00:52:53] Terno_Tommys - /wine-fw
[00:52:54] Terno_Tommys - /wine-fw
[00:52:55] Terno_Tommys - /wine-fw
[00:52:58] Terno_Tommys - /wine-fw
[00:53:54] Terno_Tommys - /login
[00:54:03] Terno_Tommys - /wine-fw
[00:54:06] Harold_Sylvester - /login
[00:54:09] Terno_Tommys - /jail terno_T admin 0 ok
[00:54:12] Harold_Sylvester - /asayn 
[00:54:14] Terno_Tommys - /biz go 13
[00:54:20] Terno_Tommys - /veh infernus
[00:54:22] Harold_Sylvester - /asayn Jack O Neill For President!
[00:54:23] Terno_Tommys - /alefoglal
[00:54:31] Harold_Sylvester - /goto 0
[00:54:33] Harold_Sylvester - /goto 0
[00:54:34] Harold_Sylvester - /goto 0
[00:54:35] Harold_Sylvester - /goto 0
[00:54:35] Harold_Sylvester - /goto 0
[00:54:36] Harold_Sylvester - /goto 0
[00:54:54] Terno_Tommys - /motor
[00:55:00] Terno_Tommys - /wine-fw
[00:56:14] Terno_Tommys - /adminadomany harold 100000000
[00:56:22] Harold_Sylvester - /gethere terno_k
[00:56:23] Terno_Tommys - /adminadomany harold 100000000
[00:56:23] Terno_Tommys - /adminadomany harold 100000000
[00:56:24] Terno_Tommys - /adminadomany harold 100000000
[00:56:24] Terno_Tommys - /adminadomany harold 100000000
[00:56:25] Terno_Tommys - /adminadomany harold 100000000
[00:56:25] Terno_Tommys - /adminadomany harold 100000000
[00:56:26] Terno_Tommys - /adminadomany harold 100000000
[00:56:26] Terno_Tommys - /adminadomany harold 100000000
[00:56:32] Terno_Tommys - /nevek
[00:56:34] Terno_Tommys - /setstat
[00:56:36] Harold_Sylvester - /Crs
[00:56:39] Terno_Kiss_Rati - /login
[00:56:46] Harold_Sylvester - /makeleader harold_s 1
[00:56:49] Terno_Tommys - /setstat harold 5 999999999
[00:56:51] Harold_Sylvester - /makeleader
[00:56:56] Harold_Sylvester - /makeleader harold_s 1
[00:56:56] Terno_Tommys - /gethere 2
[00:57:03] Terno_Kiss_Rati - /nevek
[00:57:06] Harold_Sylvester - /gethere terno_k
[00:57:24] Terno_Tommys - /wine-fw
[00:57:25] Terno_Tommys - /wine-fw
[00:57:26] Terno_Tommys - /wine-fw
[00:57:33] Terno_Tommys - /wine-fw
[00:57:34] Terno_Tommys - /wine-fw
[00:57:34] Terno_Tommys - /wine-fw
[00:57:35] Terno_Tommys - /wine-fw
[00:57:40] Harold_Sylvester - /pacsi harold
[00:57:40] Harold_Sylvester - /pacsi harold
[00:57:41] Harold_Sylvester - /pacsi harold
[00:57:42] Harold_Sylvester - /pacsi harold
[00:57:42] Harold_Sylvester - /pacsi harold
[00:57:43] Harold_Sylvester - /pacsi harold
[00:57:43] Harold_Sylvester - /pacsi harold
[00:57:44] Harold_Sylvester - /pacsi harold
[00:57:48] Harold_Sylvester - /S Jó a kislátás
[00:57:51] Harold_Sylvester - /Asegit harold
[00:58:14] Harold_Sylvester - /S CSAPJAD NEKI
[00:58:16] Harold_Sylvester - /veh
[00:58:22] Terno_Tommys - /wine-fw
[00:58:25] Harold_Sylvester - /veh 450 0 0
[00:58:30] Harold_Sylvester - /veh 455 0 0
[00:58:35] Harold_Sylvester - /veh 235 0 0
[00:58:46] Harold_Sylvester - /veh mavrick 0 0
[00:58:51] Harold_Sylvester - /veh maverick 0 0
[00:59:02] Harold_Sylvester - /S BÁNZÁJ
[00:59:06] Terno_Tommys - /wine-fw
[00:59:06] Terno_Tommys - /wine-fw
[00:59:07] Terno_Tommys - /wine-fw
[00:59:07] Terno_Tommys - /wine-fw
[00:59:09] Terno_Tommys - /wine-fw
[00:59:09] Terno_Tommys - /wine-fw
[00:59:10] Terno_Tommys - /wine-fw
[00:59:10] Terno_Tommys - /wine-fw
[00:59:11] Terno_Tommys - /wine-fw
[00:59:12] Terno_Tommys - /wine-fw
[00:59:12] Terno_Tommys - /wine-fw
[00:59:12] Terno_Tommys - /wine-fw
[00:59:13] Terno_Tommys - /wine-fw
[00:59:14] Terno_Tommys - /wine-fw
[00:59:15] Terno_Tommys - /wine-fw
[00:59:17] Terno_Tommys - /wine-fw
[00:59:18] Terno_Tommys - /wine-fw
[00:59:19] Terno_Tommys - /wine-fw
[00:59:19] Terno_Tommys - /wine-fw
[00:59:20] Terno_Tommys - /wine-fw
[00:59:20] Terno_Tommys - /wine-fw
[00:59:21] Terno_Tommys - /wine-fw
[00:59:21] Terno_Tommys - /wine-fw
[00:59:22] Harold_Sylvester - /asayn SÓS SÓS
[00:59:22] Terno_Tommys - /wine-fw
[00:59:35] Harold_Sylvester - /ASayn Medicopter 117 a központnak
[00:59:38] Terno_Tommys - /wine-fw
[00:59:38] Terno_Tommys - /wine-fw
[00:59:39] Terno_Tommys - /wine-fw
[00:59:39] Harold_Sylvester - /asayn Zuhanok
[00:59:39] Terno_Tommys - /wine-fw
[00:59:40] Terno_Tommys - /wine-fw
[00:59:42] Harold_Sylvester - /asayn NAgyon gyorsan
[00:59:50] Harold_Sylvester - /asegit harold
[00:59:53] Terno_Tommys - /wine-fwt
[00:59:54] Terno_Tommys - /wine-fwt
[00:59:55] Terno_Tommys - /wine-fw
[00:59:56] Terno_Tommys - /wine-fw
[00:59:57] Terno_Tommys - /wine-fw
[00:59:58] Terno_Tommys - /wine-fw
[01:00:03] Harold_Sylvester - /asegit harold
[01:00:07] Terno_Tommys - /veh panzer
[01:00:08] Harold_Sylvester - /sethp harold_S 100
[01:00:12] Terno_Tommys - /veh rhino
[01:00:17] Terno_Tommys - /alefoglal
[01:00:17] Terno_Kiss_Rati - /sethp
[01:00:28] Harold_Sylvester - /asayn ÓÓÓ bakker
[01:00:31] Terno_Kiss_Rati - /ah
[01:00:36] Harold_Sylvester - /jail harold_s kórház 0 bakker
[01:00:39] Harold_Sylvester - /goto terno_t
[01:00:46] Terno_Kiss_Rati - /bigears
[01:00:51] Terno_Tommys - /alock
[01:00:54] Harold_Sylvester - /givegun 
[01:00:57] Terno_Tommys - /wine-fw
[01:00:57] Terno_Tommys - /wine-fw
[01:00:58] Terno_Tommys - /wine-fw
[01:00:58] Terno_Tommys - /wine-fw
[01:00:59] Terno_Tommys - /wine-fw
[01:00:59] Terno_Tommys - /wine-fw
[01:01:00] Terno_Tommys - /wine-fw
[01:01:00] Terno_Tommys - /wine-fw
[01:01:00] Terno_Tommys - /wine-fw
[01:01:04] Harold_Sylvester - /givegun harold_s 35 100
[01:01:07] Terno_Kiss_Rati - /sestats
[01:01:08] Harold_Sylvester - /F e 35
[01:01:17] Terno_Kiss_Rati - /setstats
[01:01:32] Harold_Sylvester - /F k
[13:20:45] Terno_Tommys - /login
[13:20:53] Terno_Tommys - /tele
[13:20:59] Terno_Tommys - /tele
[13:21:11] Terno_Tommys - /mark
[13:21:18] Terno_Tommys - /mark
[13:21:23] Terno_Tommys - /makeleader terno_T
[13:21:27] Terno_Tommys - /makeleader
[13:21:32] Terno_Tommys - /makeleader terno 16
[13:21:43] Terno_Tommys - /makeleader terno_T 16
[13:21:50] Terno_Tommys - /makeleader terno_T 1
[13:21:53] Terno_Tommys - /makeleader
[13:22:07] Terno_Tommys - /makeleader 0 16
[13:22:12] Terno_Tommys - /duty
[13:22:20] Terno_Tommys - /duty
[13:31:29] Terno_Tommys - /login
[13:31:38] Terno_Tommys - /skinsel terno_T
[13:31:41] Terno_Tommys - /skinsel terno_T
[13:31:46] Terno_Tommys - /skinsel 0
[13:31:51] Terno_Tommys - /forceskin 0
[13:31:56] Terno_Tommys - /forceskin 0
[13:32:14] Terno_Tommys - /setskin terno_T 133
[13:32:18] Terno_Tommys - /duty
[13:32:21] Terno_Tommys - /duty
[13:32:29] Terno_Tommys - /makeleader 0 16
[13:32:36] Terno_Tommys - /duty
[13:32:48] Terno_Tommys - /duty
[13:32:49] Terno_Tommys - /duty
[13:32:55] Terno_Tommys - /forceskin terno_T
[13:33:10] Terno_Tommys - /setskin terno_T
[13:33:12] Terno_Tommys - /setskin terno_T 133
[13:33:18] Terno_Tommys - /duty
[13:33:19] Terno_Tommys - /duty
[13:33:22] Terno_Tommys - /duty
[13:33:23] Terno_Tommys - /duty
[13:33:30] Terno_Tommys - /oktatók
[13:33:32] Terno_Tommys - /duty
[13:33:34] Terno_Tommys - /oktatók
[13:34:03] Terno_Tommys - /forceskin terno_T
[13:49:23] Terno_Tommys - /login
[13:49:33] Terno_Tommys - /makeleader terno_T 16
[13:49:39] Terno_Tommys - /duty
[13:49:40] Terno_Tommys - /duty
[13:49:49] Terno_Tommys - /setskin terno_T 133
[13:49:52] Terno_Tommys - /oktatók
[13:49:56] Terno_Tommys - /duty
[13:49:58] Terno_Tommys - /oktatók
[13:52:17] Terno_Tommys - /login
[13:52:25] Terno_Tommys - /oktatók
[13:52:28] Terno_Tommys - /duty
[13:52:29] Terno_Tommys - /oktatók
[13:52:31] Terno_Tommys - /oktatók
[13:52:42] Terno_Tommys - /oktatók
[13:56:32] Terno_Tommys - /login
[13:56:40] Terno_Tommys - /oktatók
[13:56:45] Terno_Tommys - /duty
[13:56:46] Terno_Tommys - /oktatók
[13:56:52] Terno_Tommys - /giverank terno_T
[13:56:56] Terno_Tommys - /giverank terno_T 2
[13:56:58] Terno_Tommys - /oktatók
[13:57:00] Terno_Tommys - /duty
[13:57:02] Terno_Tommys - /oktatók
[13:57:07] Terno_Tommys - /giverank terno_T 0
[13:57:09] Terno_Tommys - /oktatók
[13:59:27] Terno_Tommys - /login
[13:59:36] Terno_Tommys - /oktatók
[13:59:40] Terno_Tommys - /duty
[13:59:44] Terno_Tommys - /oktatók
[13:59:54] Terno_Tommys - /oktatók
[13:59:57] Terno_Tommys - /duty
[13:59:58] Terno_Tommys - /oktatók
[14:02:29] Terno_Tommys - /login
[14:02:36] Terno_Tommys - /duty
[14:02:38] Terno_Tommys - /duty
[14:02:40] Terno_Tommys - /oktatók
[14:02:42] Terno_Tommys - /duty
[14:02:43] Terno_Tommys - /oktatók
[14:04:12] Terno_Tommys - /login
[14:04:20] Terno_Tommys - /oktatók
[14:04:23] Terno_Tommys - /duty
[14:04:24] Terno_Tommys - /oktatók
[14:04:27] Terno_Tommys - /duty
[14:04:34] Terno_Tommys - /giverank terno_T 0
[14:04:37] Terno_Tommys - /oktatók
[14:04:39] Terno_Tommys - /duty
[14:04:40] Terno_Tommys - /oktatók
[14:15:03] Terno_Tommys - /login
[14:15:12] Terno_Tommys - /oktatók
[14:15:24] Terno_Tommys - /giverank terno_t 0
[14:15:41] Terno_Tommys - /oktatók
[14:15:44] Terno_Tommys - /duty
[14:15:57] Terno_Tommys - /duty
[14:15:58] Terno_Tommys - /duty
[14:16:00] Terno_Tommys - /duty
[14:16:05] Terno_Tommys - /setskin terno 133
[14:16:07] Terno_Tommys - /duty
[14:16:08] Terno_Tommys - /duty
[14:16:42] Terno_Tommys - /giverank terno_T 5
[14:16:45] Terno_Tommys - /duty
[14:16:47] Terno_Tommys - /duty
[14:26:07] Terno_Tommys - /login
[14:26:15] Terno_Tommys - /oktatók
[14:26:18] Terno_Tommys - /duty
[14:26:19] Terno_Tommys - /oktatók
[14:26:21] Terno_Tommys - /duty
[14:26:26] Terno_Tommys - /giverank terno_T 0
[14:26:28] Terno_Tommys - /duty
[14:26:34] Terno_Tommys - /oktatók
[14:33:35] Terno_Tommys - /givegun
[14:33:42] Terno_Tommys - /givegun ternp_T spay
[14:33:46] Terno_Tommys - /givegun ternp_T spay
[14:33:48] Terno_Tommys - /givegun
[14:33:52] Terno_Tommys - /givegun terno_T
[14:34:07] Terno_Tommys - /givegun terno_T 41 500
[14:34:10] Terno_Tommys - /f e 45
[14:34:17] Terno_Tommys - /f e 41
[15:07:46] Terno_Tommys - /tele
[15:08:39] Terno_Tommys - /nyit
[15:08:39] Terno_Tommys - /va kinyitja a kaput a távírányítóval
[15:08:52] Terno_Tommys - /enter
[15:08:54] Terno_Tommys - /enter
[15:09:05] Terno_Tommys - /enter
[15:09:19] Terno_Tommys - /go int
[15:09:22] Terno_Tommys - /int
[15:09:24] Terno_Tommys - /ah
[15:09:34] Terno_Tommys - /admins
[15:16:08] Terno_Tommys - /login
[15:16:20] Terno_Tommys - /duty
[15:16:32] Terno_Tommys - /sethp terno_T 50
[15:16:34] Terno_Tommys - /duty
[15:16:37] Terno_Tommys - /duty
[15:21:41] Terno_Tommys - /login
[15:21:50] Terno_Tommys - /duty
[15:21:53] Terno_Tommys - /duty
[15:22:00] Terno_Tommys - /duty
[15:22:04] Terno_Tommys - /duty
[15:22:05] Terno_Tommys - /duty
[15:22:08] Terno_Tommys - /duty
[15:22:09] Terno_Tommys - /duty
[15:22:11] Terno_Tommys - /duty
[17:14:42] Terno_Tommys - /login
[17:14:54] Terno_Tommys - /fõzés
[17:16:10] Terno_Tommys - /nyit
[17:16:10] Terno_Tommys - /va kinyitja a kaput a távírányítóval
[17:16:34] Terno_Tommys - /enter
[17:16:40] Terno_Tommys - /fõzés
[17:16:46] Terno_Tommys - /fõzés csirke
[17:16:50] Terno_Tommys - /exit
[17:17:43] Terno_Tommys - /enter
[17:17:48] Terno_Tommys - /buy
[17:18:00] Terno_Tommys - /adminadomany terno_T 90000
[17:18:01] Terno_Tommys - /buy
[17:18:05] Terno_Tommys - /buy
[17:18:10] Terno_Tommys - /buy
[17:18:14] Terno_Tommys - /buy
[17:18:56] Terno_Tommys - /buy
[17:19:08] Terno_Tommys - /exit
[17:19:25] Terno_Tommys - /fõzöt
[17:19:28] Terno_Tommys - /cooked
[17:20:38] Terno_Tommys - /motor
[17:20:43] Terno_Tommys - /enter
[17:20:48] Terno_Tommys - /fõzés
[17:20:52] Terno_Tommys - /fõzés csirke
[17:28:12] Terno_Tommys - /login
[17:28:21] Terno_Tommys - /tele
[17:28:29] Terno_Tommys - /veh turismo
[17:28:55] Terno_Tommys - /enter
[17:29:07] Terno_Tommys - /adminadomany tern 90000
[17:29:10] Terno_Tommys - /buy
[17:29:16] Terno_Tommys - /buy
[17:29:20] Terno_Tommys - /buy
[17:29:26] Terno_Tommys - /buy
[17:29:33] Terno_Tommys - /resivan
[17:29:35] Terno_Tommys - /resivan
[17:29:38] Terno_Tommys - /ah
[17:31:29] Terno_Tommys - /login
[17:31:38] Terno_Tommys - /exit
[17:31:47] Terno_Tommys - /fõzés
[17:32:11] Terno_Tommys - /obj
[17:32:13] Terno_Tommys - /objdel
[17:32:25] Terno_Tommys - /objdel 8
[17:32:28] Terno_Tommys - /objdel
[17:32:31] Terno_Tommys - /objdel 8
[17:32:33] Terno_Tommys - /objdel 2
[17:32:39] Terno_Tommys - /objdel 2
[17:32:45] Terno_Tommys - /objdel 500
[17:33:18] Terno_Tommys - /enter
[17:33:23] Terno_Tommys - /fõzés
[17:33:26] Terno_Tommys - /fõzés csirke
[17:33:31] Terno_Tommys - /fõzés csirke
[17:33:34] Terno_Tommys - /mark
[17:33:38] Terno_Tommys - /tele
[17:33:49] Terno_Tommys - /veh turismo
[17:34:14] Terno_Tommys - /exit
[17:34:21] Terno_Tommys - /enter
[17:34:25] Terno_Tommys - /buy
[17:34:29] Terno_Tommys - /buy
[17:34:35] Terno_Tommys - /buy
[17:34:40] Terno_Tommys - /exit
[17:34:45] Terno_Tommys - /gotomark
[17:34:47] Terno_Tommys - /gotomark
[17:34:48] Terno_Tommys - /gotomark
[17:34:51] Terno_Tommys - /gotomark
[17:34:55] Terno_Tommys - /oldcar
[17:34:59] Terno_Tommys - /gotocar 455
[17:35:04] Terno_Tommys - /enter
[17:35:08] Terno_Tommys - /fõzés
[17:35:11] Terno_Tommys - /fõzés csirke
[17:36:36] Terno_Tommys - /exit
[17:37:24] Terno_Tommys - /login
[17:37:37] Terno_Tommys - /cuccok
[17:37:40] Terno_Tommys - /cuccaim
[17:38:15] Terno_Tommys - /zsebem
[17:38:20] Terno_Tommys - /enter
[17:38:25] Terno_Tommys - /cooked
[17:41:18] Terno_Tommys - /tele
[17:41:34] Terno_Tommys - /fish
[17:41:39] Terno_Tommys - /fish
[17:41:40] Terno_Tommys - /fish
[17:41:42] Terno_Tommys - /fish
[17:41:44] Terno_Tommys - /fish
[17:41:48] Terno_Tommys - /fish
[17:41:58] Terno_Tommys - /fish
[17:42:09] Terno_Tommys - /fish
[17:42:17] Terno_Tommys - /fish
[17:42:23] Terno_Tommys - /fish
[17:42:29] Terno_Tommys - /fish
[17:42:36] Terno_Tommys - /fish
[17:42:43] Terno_Tommys - /oldcar
[17:42:51] Terno_Tommys - /veh turismo
[17:42:54] Terno_Tommys - /rendszám
[17:42:56] Terno_Tommys - /gotocar 455
[17:43:01] Terno_Tommys - /enter
[17:43:06] Terno_Tommys - /fõzés hal
[17:43:13] Terno_Tommys - /cook hal
[17:43:22] Terno_Tommys - /fõzés hal 1
[17:43:29] Terno_Tommys - /fõzés hal 2
[17:43:32] Terno_Tommys - /fõzés hal 3
[17:43:34] Terno_Tommys - /fõzés hal 3
[17:47:01] Terno_Tommys - /login
[17:47:16] Terno_Tommys - /mark
[17:47:18] Terno_Tommys - /tele
[17:47:19] Terno_Tommys - /tele
[17:47:27] Terno_Tommys - /veh turismo
[17:47:50] Terno_Tommys - /enter
[17:47:54] Terno_Tommys - /bus
[17:47:56] Terno_Tommys - /buy
[17:48:05] Terno_Tommys - /vesz
[17:48:13] Terno_Tommys - /vesz
[17:48:17] Terno_Tommys - /vesz
[17:48:22] Terno_Tommys - /gotomark
[17:48:25] Terno_Tommys - /enter
[17:48:27] Terno_Tommys - /enter
[17:48:28] Terno_Tommys - /enter
[17:48:36] Terno_Tommys - /enter
[17:48:38] Terno_Tommys - /enter
[17:48:39] Terno_Tommys - /enter
[17:48:44] Terno_Tommys - /setvw 0
[17:48:48] Terno_Tommys - /setvw 0
[17:48:50] Terno_Tommys - /enter
[17:48:56] Terno_Tommys - /fõzés
[17:49:14] Terno_Tommys - /fõzés csirke
[18:26:31] Terno_Tommys - /makeleader
[18:26:38] Terno_Tommys - /makeleader 4
[18:26:41] Terno_Tommys - /makeleader 0 4
[18:26:58] Terno_Tommys - /r
[18:26:59] Terno_Tommys - /r a
[18:57:33] Terno_Tommys - /login
[18:57:40] Terno_Tommys - /biz go 13
[18:57:46] Terno_Tommys - /biz go 16
[18:57:49] Terno_Tommys - /biz go 14
[18:57:54] Terno_Tommys - /enter
[18:58:34] Terno_Tommys - /biz go 14
[18:58:40] Terno_Tommys - /unfreeze terno_T
[19:04:46] Harold_Sylvester - /login
[19:04:54] Harold_Sylvester - /tele
[19:04:55] Terno_Tommys - /gethere 1
[19:05:02] Harold_Sylvester - /S MEGJÖTT A PRÓÓÓÓ
[19:05:06] Terno_Tommys - /2 sjer be
[19:05:11] Terno_Tommys - /enter
[19:05:12] Harold_Sylvester - /enter
[19:05:15] Harold_Sylvester - /F e m4
[19:05:17] Harold_Sylvester - /zsebem
[19:05:20] Harold_Sylvester - /F e 24
[19:05:25] Terno_Tommys - /a van zséd?
[19:05:27] Terno_Tommys - /admins
[19:05:29] Harold_Sylvester - /a aha
[19:05:37] Harold_Sylvester - /A bent vagyok közbe szól a zene mint állat
[19:05:41] Terno_Tommys - /a oks
[19:05:42] Harold_Sylvester - /A Szétnyomja a fejem XD
[19:05:54] Harold_Sylvester - /A Zöld jelzés van rajtad
[19:06:01] Terno_Tommys - /a elvileg 10 sec lesz elõtt meg
[19:06:04] Terno_Tommys - /a freeze
[19:06:15] Terno_Tommys - /a még egy próbát
[19:06:17] Terno_Tommys - /enter
[19:06:18] Harold_Sylvester - /enter
[19:06:22] Harold_Sylvester - /f e m4
[19:06:23] Harold_Sylvester - /f e mp5
[19:06:31] Terno_Tommys - /a bugos lett xd
[19:06:32] Harold_Sylvester - /A Engem most nem freezlt
[19:06:41] Terno_Tommys - /a jah ez még a régi 
[19:06:43] Harold_Sylvester - /A Láblövés nincs bent?
[19:06:45] Terno_Tommys - /a mindjárt lesz resi
[19:07:00] Terno_Tommys - /a nem megy a timer most sztem
[19:07:04] Harold_Sylvester - /sethp harold_s 999
[19:07:12] Harold_Sylvester - /mivan
[19:07:13] Harold_Sylvester - /mivan
[19:07:17] Harold_Sylvester - /F k
[19:07:21] Harold_Sylvester - /A Ok várom a resit
[19:09:19] Harold_Sylvester - /givegun harold_s minigun 99
[19:09:24] Harold_Sylvester - /givegun harold_s minigun 999
[19:09:47] Terno_Tommys - /login
[19:09:51] Franklin_C_Simons - /login
[19:09:57] Terno_Tommys - /biz go 13
[19:09:59] Terno_Tommys - /biz go 14
[19:10:08] Franklin_C_Simons - /nevek
[19:10:13] Franklin_C_Simons - /goto 0
[19:10:16] Terno_Tommys - /nevek
[19:10:24] Franklin_C_Simons - /setskin 010
[19:10:25] Franklin_C_Simons - /setskin 0 10
[19:10:32] Franklin_C_Simons - /Ah
[19:10:46] Franklin_C_Simons - /fa
[19:11:06] Harold_Sylvester - /login
[19:11:13] Harold_Sylvester - /Asayn DIK
[19:11:13] Terno_Tommys - /s sietek
[19:11:16] Harold_Sylvester - /goto 1
[19:11:21] Terno_Tommys - /s go be
[19:11:22] Harold_Sylvester - /Set
[19:11:26] Harold_Sylvester - /Ah
[19:11:27] Terno_Tommys - /enter
[19:11:31] Harold_Sylvester - /f e m4
[19:11:33] Terno_Tommys - /setskin terno_T 133
[19:11:38] Harold_Sylvester - /givegun harold_s m4 99
[19:11:40] Harold_Sylvester - /enter
[19:11:41] Harold_Sylvester - /F em 4
[19:11:42] Franklin_C_Simons - /login
[19:11:42] Harold_Sylvester - /F e m4
[19:11:46] Harold_Sylvester - /givegun harold_s m4 999
[19:11:47] Harold_Sylvester - /F e m4
[19:11:49] Terno_Tommys - /a jer be pb
[19:11:51] Franklin_C_Simons - /fa/enter
[19:11:54] Harold_Sylvester - /a Bent vok :d
[19:11:55] Franklin_C_Simons - /enter
[19:12:01] Franklin_C_Simons - /givegun
[19:12:02] Terno_Tommys - /a jah okés
[19:12:07] Franklin_C_Simons - /givegun Franklin_c 31 1000
[19:12:10] Franklin_C_Simons - /f e m4
[19:12:18] Franklin_C_Simons - /f e m4
[19:12:22] Franklin_C_Simons - /unfreeze 1
[19:12:29] Franklin_C_Simons - /nevek
[19:12:34] Franklin_C_Simons - /setskin Franklin 48
[19:12:37] Terno_Tommys - /a xd
[19:12:38] Harold_Sylvester - /A he
[19:12:40] Harold_Sylvester - /A Ez mi ez?
[19:12:40] Franklin_C_Simons - /setskin 2 29
[19:12:41] Terno_Tommys - /a vége
[19:12:42] Harold_Sylvester - /enter
[19:12:44] Terno_Tommys - /enter
[19:12:45] Franklin_C_Simons - /enter
[19:12:47] Harold_Sylvester - /setskin harold_S 1
[19:12:49] Harold_Sylvester - /setskin harold_S 0
[19:12:52] Terno_Tommys - /a és LOL már nem is megy a timer xd
[19:12:53] Franklin_C_Simons - /adminadomány 5000000
[19:12:54] Harold_Sylvester - /setskin harold_S 29
[19:12:58] Franklin_C_Simons - /adminadomány
[19:12:59] Terno_Tommys - /a valamit nem nulláz le :P
[19:13:02] Franklin_C_Simons - /ah
[19:13:02] Harold_Sylvester - /goto 2
[19:13:04] Harold_Sylvester - /goto 3
[19:13:07] Harold_Sylvester - /goto 1
[19:13:11] Terno_Tommys - /a nah elvileg ez megvéd majd a haláltól
[19:13:13] Harold_Sylvester - /admins
[19:13:18] Terno_Tommys - /a add freeze-t a vége elõtt
[19:13:20] Franklin_C_Simons - /bigears
[19:13:21] Harold_Sylvester - /givegun harold_s minigun 999
[19:13:23] Harold_Sylvester - /F e minigun
[19:13:35] Harold_Sylvester - /Asayn Muhahahahha
[19:13:44] Terno_Tommys - /a van oktatóknak /duty :P
[19:13:46] Franklin_C_Simons - /givegun franklin_C 38 1000
[19:13:48] Terno_Tommys - /a ma írtam meg
[19:13:49] Franklin_C_Simons - /f e 38
[19:13:53] Terno_Tommys - /a meg /fõzés
[19:13:58] Franklin_C_Simons - /fa oktatóknak?
[19:13:58] Terno_Tommys - /a magyar lett :P
[19:13:59] Harold_Sylvester - /Fõzés
[19:14:02] Terno_Tommys - /fa jah
[19:14:10] Terno_Tommys - /fa nézd meg /makeadmin neved 16
[19:14:15] Terno_Tommys - /makeadmin terno_T 16
[19:14:20] Harold_Sylvester - /makeadmin harold_S 16
[19:14:20] Franklin_C_Simons - /makeadmin Franklin_c 16
[19:14:20] Terno_Tommys - /fa akarom írni
[19:14:25] Terno_Tommys - /fa makeleader
[19:14:27] Harold_Sylvester - /makeleader harold_s 16
[19:14:30] Franklin_C_Simons - /makeleader franklin_c 16
[19:14:31] Terno_Tommys - /makeleader terno_T 16
[19:14:33] Harold_Sylvester - /quitfaction
[19:14:39] Terno_Tommys - /duty
[19:14:41] Terno_Tommys - /tele
[19:14:42] Franklin_C_Simons - /duty
[19:14:43] Harold_Sylvester - /makeleader harold_s 16
[19:14:45] Franklin_C_Simons - /tele
[19:14:48] Harold_Sylvester - /makeleader
[19:14:57] Franklin_C_Simons - /alefoglal
[19:14:59] Terno_Tommys - /fa /oktatók
[19:15:02] Terno_Tommys - /fa most nem vok benne
[19:15:03] Franklin_C_Simons - /oktatók
[19:15:04] Terno_Tommys - /fly
[19:15:05] Harold_Sylvester - /makeleader harold_s oktató
[19:15:06] Terno_Tommys - /fly
[19:15:08] Terno_Tommys - /fly
[19:15:12] Terno_Tommys - /fly
[19:15:14] Harold_Sylvester - /makeleader terno_t 16
[19:15:15] Terno_Tommys - /fly
[19:15:18] Franklin_C_Simons - /atuning
[19:15:21] Terno_Tommys - /nyit
[19:15:21] Terno_Tommys - /va kinyitja a kaput a távírányítóval
[19:15:25] Harold_Sylvester - /asayn Miért nem tudok kinevezni senkit leadernek,
[19:15:26] Terno_Tommys - /giverank terno_T 7
[19:15:30] Franklin_C_Simons - /atuning nitro
[19:15:32] Terno_Tommys - /duty
[19:15:34] Terno_Tommys - /duty
[19:15:40] Harold_Sylvester - /oktatók
[19:15:41] Terno_Tommys - /oktatók
[19:15:41] Franklin_C_Simons - /crs
[19:15:43] Terno_Tommys - /fa /oktatók
[19:15:44] Franklin_C_Simons - /apark
[19:15:47] Franklin_C_Simons - /apark
[19:15:47] Harold_Sylvester - /makeleader harold_s 16
[19:15:48] Harold_Sylvester - /makeleader harold_s 16
[19:15:49] Harold_Sylvester - /makeleader harold_s 16
[19:15:49] Harold_Sylvester - /makeleader harold_s 16
[19:15:49] Harold_Sylvester - /makeleader harold_s 16
[19:15:50] Harold_Sylvester - /makeleader harold_s 16
[19:15:50] Harold_Sylvester - /makeleader harold_s 16
[19:15:51] Franklin_C_Simons - /oktatók
[19:15:58] Franklin_C_Simons - /fa Lol
[19:16:00] Terno_Tommys - /forceskin terno_T
[19:16:01] Harold_Sylvester - /giverank harold_s 7
[19:16:02] Franklin_C_Simons - /fa fasaz lett
[19:16:04] Harold_Sylvester - /giverank harold_s 8
[19:16:05] Harold_Sylvester - /duty
[19:16:07] Franklin_C_Simons - /duty
[19:16:10] Harold_Sylvester - /goto 1
[19:16:10] Franklin_C_Simons - /otkatók
[19:16:13] Franklin_C_Simons - /otkatók
[19:16:13] Terno_Tommys - /fa 0-rang kap spray
[19:16:15] Franklin_C_Simons - /take fegyver
[19:16:16] Harold_Sylvester - /F k
[19:16:19] Terno_Tommys - /makeadmin harold 5555
[19:16:21] Franklin_C_Simons - /zsebem
[19:16:24] Terno_Tommys - /makeadmin harold 5555
[19:16:30] Harold_Sylvester - /A ?
[19:16:32] Harold_Sylvester - /A Zsír
[19:16:35] Harold_Sylvester - /duty
[19:16:36] Franklin_C_Simons - /a É nis ?:$
[19:16:40] Harold_Sylvester - /duty
[19:16:42] Harold_Sylvester - /duty
[19:16:46] Harold_Sylvester - /oktatok
[19:16:48] Franklin_C_Simons - /sethp Franklin_c 10000
[19:16:48] Harold_Sylvester - /duty
[19:16:49] Harold_Sylvester - /oktatok
[19:16:50] Terno_Tommys - /a írgya
[19:16:50] Franklin_C_Simons - /sethp Franklin_c
[19:16:53] Harold_Sylvester - /a Terno ez fasza lett
[19:16:58] Harold_Sylvester - /unfreeze harold_s
[19:16:59] Terno_Tommys - /a meg skint is állít
[19:17:07] Terno_Tommys - /setskin terno_T 133
[19:17:09] Harold_Sylvester - /A nekem a 29-et adta automatán
[19:17:10] Terno_Tommys - /duty
[19:17:14] Franklin_C_Simons - /makeleader franklin_c 2
[19:17:15] Terno_Tommys - /duty
[19:17:18] Terno_Tommys - /goto harold
[19:17:21] Terno_Tommys - /duty
[19:17:22] Franklin_C_Simons - /giverank franklin_c 12
[19:17:25] Franklin_C_Simons - /giverank franklin_c 2
[19:17:26] Harold_Sylvester - /Fly
[19:17:26] Franklin_C_Simons - /r  s
[19:17:26] Harold_Sylvester - /Fly
[19:17:28] Harold_Sylvester - /Fly
[19:17:29] Harold_Sylvester - /Fly
[19:17:29] Harold_Sylvester - /Fly
[19:17:30] Harold_Sylvester - /Fly
[19:17:32] Franklin_C_Simons - /giverank franklin_c 7
[19:17:33] Franklin_C_Simons - /r d
[19:17:33] Harold_Sylvester - /tele
[19:17:36] Harold_Sylvester - /tele
[19:17:37] Terno_Tommys - /duty
[19:17:38] Franklin_C_Simons - /ah
[19:17:42] Harold_Sylvester - /Fly
[19:17:42] Harold_Sylvester - /Fly
[19:17:43] Harold_Sylvester - /Fly
[19:17:43] Harold_Sylvester - /Fly
[19:17:44] Franklin_C_Simons - /acr
[19:17:45] Harold_Sylvester - /Fly
[19:17:46] Harold_Sylvester - /Fly
[19:17:46] Harold_Sylvester - /Fly
[19:17:47] Harold_Sylvester - /Fly
[19:17:50] Harold_Sylvester - /Fly
[19:17:50] Harold_Sylvester - /Fly
[19:17:57] Harold_Sylvester - /Sethp harold_s 999
[19:17:58] Franklin_C_Simons - /setstat
[19:17:59] Terno_Tommys - /a ezt már elküldtem clint-nek
[19:18:03] Harold_Sylvester - /giverank harold_s m4 999
[19:18:04] Harold_Sylvester - /f em 4
[19:18:05] Franklin_C_Simons - /a geci jó lett
[19:18:05] Harold_Sylvester - /F em 4
[19:18:07] Terno_Tommys - /a nah pill ránézek a paintbal-ra
[19:18:08] Harold_Sylvester - /giverank harold_s m4 999
[19:18:16] Harold_Sylvester - /givegun harold_s m4 999
[19:18:20] Harold_Sylvester - /F em 4
[19:18:21] Harold_Sylvester - /nevek
[19:18:23] Harold_Sylvester - /F e m 4
[19:18:24] Franklin_C_Simons - /asegit franklin
[19:18:27] Harold_Sylvester - / fe m4
[19:18:28] Harold_Sylvester - /F e m4
[19:18:28] Franklin_C_Simons - /asegit franklin
[19:18:30] Franklin_C_Simons - /asegit franklin
[19:18:32] Harold_Sylvester - /goto franklin_c
[19:18:40] Franklin_C_Simons - /sethp
[19:18:44] Franklin_C_Simons - /sethp franklin 150
[19:18:57] Franklin_C_Simons - /pacsi harold
[19:19:03] Franklin_C_Simons - /veh
[19:19:12] Franklin_C_Simons - /veh 495 120 120
[19:19:20] Franklin_C_Simons - /veh sandking 120 120
[19:19:23] Harold_Sylvester - /pacsi 
[19:19:25] Harold_Sylvester - /pacsi 1
[19:19:26] Harold_Sylvester - /pacsi 1
[19:19:27] Harold_Sylvester - /pacsi 1
[19:19:27] Harold_Sylvester - /pacsi 1
[19:19:28] Harold_Sylvester - /pacsi 1
[19:19:28] Harold_Sylvester - /pacsi 1
[19:19:32] Franklin_C_Simons - /ah
[19:19:34] Harold_Sylvester - /A Franklin
[19:19:38] Franklin_C_Simons - /a K
[19:19:47] Harold_Sylvester - /A Super admin nagyobb mint Scripter?
[19:19:48] Franklin_C_Simons - /forceskin
[19:19:52] Franklin_C_Simons - /a Nem
[19:19:56] Franklin_C_Simons - /a te sokkal nagyobb vagy
[19:20:03] Harold_Sylvester - /A pedig igen mivel ha téged akarlak pacsizni magamnak adom
[19:20:06] Franklin_C_Simons - /a Clint adminjogán vagy
[19:20:19] Franklin_C_Simons - /a Fõadminok nem tudjéák egymást gondolon
[19:20:20] Harold_Sylvester - /A JAja azt vágom de nem tudlak pacsizni mert én kapom
[19:20:27] Harold_Sylvester - /A Ezek szerint nem
[19:20:27] Franklin_C_Simons - /a Én se téged
[19:20:35] Franklin_C_Simons - /a Valamivel töbet tud?
[19:20:35] Harold_Sylvester - /asegit harold_s
[19:20:36] Harold_Sylvester - /Ah
[19:20:43] Franklin_C_Simons - /apark
[19:20:46] Harold_Sylvester - /money
[19:20:51] Harold_Sylvester - /money harold_s 100000000
[19:20:54] Harold_Sylvester - /money harold_s 0
[19:20:55] Franklin_C_Simons - /money
[19:21:01] Harold_Sylvester - /zero
[19:21:01] Harold_Sylvester - /zero
[19:21:02] Franklin_C_Simons - /money franklin_c 5000000
[19:21:04] Franklin_C_Simons - /money franklin_c 5000000
[19:21:06] Franklin_C_Simons - /money franklin_c 50000000
[19:21:07] Harold_Sylvester - /Setstat
[19:21:13] Franklin_C_Simons - /money franklin_c 90000000
[19:21:18] Franklin_C_Simons - /gotols
[19:21:25] Franklin_C_Simons - /stats
[19:21:27] Harold_Sylvester - /Setstat harold_s 26 1
[19:21:29] Franklin_C_Simons - /ah
[19:21:32] Harold_Sylvester - /Stats
[19:21:39] Franklin_C_Simons - /helper harold
[19:21:45] Harold_Sylvester - /helper 
[19:21:50] Harold_Sylvester - /helper2 franklin_c
[19:21:53] Franklin_C_Simons - /onduty
[19:22:02] Franklin_C_Simons - /ah
[19:22:03] Harold_Sylvester - /helper
[19:22:06] Harold_Sylvester - /helper harolD_s
[19:22:13] Franklin_C_Simons - /asay s
[19:22:18] Franklin_C_Simons - /helper2
[19:22:20] Franklin_C_Simons - /helper2 franklin_c
[19:22:21] Harold_Sylvester - /asayn Kaptál egy örök as-t
[19:22:28] Harold_Sylvester - /a Helper 2 az örök as
[19:22:33] Franklin_C_Simons - /helper2 franklin_c
[19:22:35] Terno_Tommys - /a nah mindegy nem keresem azt meg amit clint már javított
[19:22:44] Franklin_C_Simons - /adminseégédek
[19:22:50] Franklin_C_Simons - /a Terno te tudsz scripterni?
[19:22:51] Terno_Tommys - /a a /kamion is kész van teljesen
[19:22:58] Franklin_C_Simons - /adminsegédek
[19:22:58] Terno_Tommys - /a próbáld ki
[19:23:03] Franklin_C_Simons - /helper2 franklin_c
[19:23:03] Harold_Sylvester - /A Ok próbálom
[19:23:05] Harold_Sylvester - /tele
[19:23:07] Harold_Sylvester - /F k
[19:23:07] Franklin_C_Simons - /goto harold
[19:23:10] Harold_Sylvester - /sethp harold_s 100
[19:23:17] Franklin_C_Simons - /makeleader franklin_c 4
[19:23:20] Harold_Sylvester - /A Terno tök jó dolog ez a fõadmin
[19:23:26] Harold_Sylvester - /A Nem kapom meg See-n is ?
[19:23:27] Franklin_C_Simons - /a XD
[19:23:28] Harold_Sylvester - /A XDXD
[19:23:33] Franklin_C_Simons - /fly
[19:23:38] Harold_Sylvester - /atuning nitro
[19:23:38] Franklin_C_Simons - /alefoglal
[19:23:39] Terno_Tommys - /makeadmin harold 1337
[19:23:42] Harold_Sylvester - /A neee
[19:23:46] Terno_Tommys - /a tes itt megkapod
[19:23:47] Harold_Sylvester - /A pedig élveztem
[19:23:54] Franklin_C_Simons - /a a Scxripter mivel tudd többet?
[19:24:05] Franklin_C_Simons - /újmodel
[19:24:08] Franklin_C_Simons - /model
[19:24:08] Terno_Tommys - /a van pár parancsa de nem kerestem még rá
[19:24:08] Harold_Sylvester - /A Gondolom nagyobb hozzáférése van a dolgokhoz
[19:24:17] Franklin_C_Simons - /buy
[19:24:17] Terno_Tommys - /a széf átrakás, teleportok stb
[19:24:21] Franklin_C_Simons - /buybiz
[19:24:22] Harold_Sylvester - /A Deletaccount az is ott van
[19:24:30] Harold_Sylvester - /A Vissza kapom az 5555-öst?
[19:24:40] Terno_Tommys - /objdel
[19:24:43] Harold_Sylvester - /kamion szállít
[19:24:44] Terno_Tommys - /a meg van ez is amit nem értem hogy megy /objdel
[19:24:46] Franklin_C_Simons - /goto terno
[19:24:55] Terno_Tommys - /objdel 500
[19:24:56] Franklin_C_Simons - /model
[19:24:59] Franklin_C_Simons - /ah
[19:24:59] Harold_Sylvester - /A Mi megy?
[19:25:05] Harold_Sylvester - /objdel
[19:25:09] Terno_Tommys - /objdel 500
[19:25:12] Harold_Sylvester - /A Object del?
[19:25:18] Terno_Tommys - /a nem csinál semmit
[19:25:22] Franklin_C_Simons - /gotoherold
[19:25:24] Terno_Tommys - /makeadmin harold 5555
[19:25:25] Harold_Sylvester - /objdel 1
[19:25:32] Harold_Sylvester - /A Nem tudom mire jó ez
[19:25:35] Franklin_C_Simons - /a Én is kaphatok 5555 öst?XD
[19:25:41] Franklin_C_Simons - /veh 495 123 123
[19:25:43] Harold_Sylvester - /giveadmin
[19:25:45] Terno_Tommys - /admins
[19:25:47] Harold_Sylvester - /makeadmin
[19:25:48] Franklin_C_Simons - /veh sandking 126 126
[19:25:51] Terno_Tommys - /makeadmin 1 5555
[19:25:54] Harold_Sylvester - /makeadmin franklin_c 5555
[19:25:58] Franklin_C_Simons - /a Köszönöm XD
[19:25:59] Harold_Sylvester - /A Zsír nekem is megy :d
[19:26:00] Terno_Tommys - /a nah msn leszek, még nem állítom le :P
[19:26:01] Franklin_C_Simons - /ah
[19:26:03] Terno_Tommys - /kick terno_T
[19:26:10] Harold_Sylvester - /atuning harold_s
[19:26:13] Franklin_C_Simons - /a most pacsiz
[19:26:14] Harold_Sylvester - /atuning harold
[19:26:18] Harold_Sylvester - /pacsi franklin_c
[19:26:22] Franklin_C_Simons - /A nem megy
[19:26:22] Harold_Sylvester - /lefoglal
[19:26:27] Harold_Sylvester - /alefoglal
[19:26:27] Franklin_C_Simons - /a akkor gondolom fõadmint nem lehett
[19:26:40] Franklin_C_Simons - /A kocsit hogy adhatok el adminall?
[19:26:42] Harold_Sylvester - /tele
[19:26:47] Franklin_C_Simons - /houseentrance
[19:26:50] Franklin_C_Simons - /ház
[19:26:50] Harold_Sylvester - /motor
[19:26:51] Harold_Sylvester - /Crs
[19:26:53] Franklin_C_Simons - /házátrak
[19:26:54] Harold_Sylvester - /carresi
[19:26:57] Harold_Sylvester - /ah
[19:26:58] Franklin_C_Simons - /házáthelyez
[19:27:00] Franklin_C_Simons - /house
[19:27:03] Franklin_C_Simons - /house 4
[19:27:06] Franklin_C_Simons - /house 77
[19:27:09] Franklin_C_Simons - /ah
[19:27:31] Franklin_C_Simons - /forceskin
[19:27:32] Harold_Sylvester - /acr
[19:27:34] Franklin_C_Simons - /forceskin franklin
[19:27:39] Harold_Sylvester - /acr 30
[19:27:43] Harold_Sylvester - /acr30
[19:27:52] Harold_Sylvester - /bigears
[19:28:01] Franklin_C_Simons - /robabnt 1
[19:28:06] Franklin_C_Simons - /robbant 1
[19:28:09] Harold_Sylvester - /asayn Milyen done?
[19:28:17] Franklin_C_Simons - /b Skin választás
[19:28:21] Franklin_C_Simons - /o Skin választás
[19:28:34] Harold_Sylvester - /asayn Mondj valamit /b-be 
[19:28:39] Franklin_C_Simons - /a kocsit hogy lehett úgy lerakni hogy V-s nek betehetõ legyen?
[19:28:43] Franklin_C_Simons - /gotoharold
[19:28:46] Franklin_C_Simons - /goto harold
[19:28:52] Franklin_C_Simons - /goto harold
[19:28:55] Harold_Sylvester - /bigears
[19:28:59] Harold_Sylvester - /ah
[19:29:00] Franklin_C_Simons - /setskin franklin 48
[19:29:06] Harold_Sylvester - /Tod
[19:29:07] Franklin_C_Simons - /ah
[19:29:13] Harold_Sylvester - /statlotto
[19:29:18] Franklin_C_Simons - /getcar 312
[19:29:20] Harold_Sylvester - /startlotto
[19:29:21] Harold_Sylvester - /startlotto
[19:29:22] Franklin_C_Simons - /getcar 312
[19:29:22] Harold_Sylvester - /startlotto
[19:29:23] Harold_Sylvester - /startlotto
[19:29:27] Franklin_C_Simons - /lotto
[19:29:30] Franklin_C_Simons - /ah
[19:29:34] Franklin_C_Simons - /alock
[19:29:36] Harold_Sylvester - /Fa
[19:29:37] Harold_Sylvester - /Fa
[19:29:39] Harold_Sylvester - /Fa a
[19:29:56] Harold_Sylvester - /Ah
[19:30:10] Harold_Sylvester - /alock
[19:30:17] Harold_Sylvester - /fixveh
[19:30:18] Franklin_C_Simons - /ujbelso
[19:30:25] Harold_Sylvester - /noas
[19:30:27] Harold_Sylvester - /noas
[19:30:34] Franklin_C_Simons - /adminalnev
[19:30:36] Franklin_C_Simons - /adminalnev s
[19:30:39] Franklin_C_Simons - /asay s
[19:30:40] Harold_Sylvester - /Asayn Gyáá de jó cuccok vannak :D
[19:30:56] Franklin_C_Simons - /asay Frenklin
[19:31:00] Harold_Sylvester - /ASegit harold
[19:31:19] Harold_Sylvester - /Adminadomány
[19:31:22] Harold_Sylvester - /Adminadomany
[19:31:22] Franklin_C_Simons - /anevvaltas
[19:31:25] Harold_Sylvester - /Adminadomany harold_s 100
[19:31:28] Franklin_C_Simons - /anevvaltas Franklin_C
[19:31:36] Franklin_C_Simons - /nevvaltas Franklin_Cortez
[19:31:36] Harold_Sylvester - /asegit harold_s
[19:31:47] Franklin_Cortez - /anevvaltas Harold
[19:31:54] Harold_Sylvester - /Asayn BAJARPG CSATRE?
[19:31:55] Harold_Sylvester - /Asayn BAJARPG CSATRE?
[19:32:04] Franklin_Cortez - /eladójármûvek
[19:32:06] Franklin_Cortez - /eladójármûvek
[19:32:18] Franklin_Cortez - /eladókocsik
[19:32:22] Franklin_Cortez - /gotocar 5
[19:32:28] Franklin_Cortez - /gotocar 6
[19:32:30] Franklin_Cortez - /gotocar 35
[19:32:35] Franklin_Cortez - /gotocar 78
[19:32:39] Franklin_Cortez - /gotocar 90
[19:32:41] Franklin_Cortez - /gotocar 95
[19:32:46] Franklin_Cortez - /gotocar 97
[19:32:48] Franklin_Cortez - /gotocar 97
[19:32:50] Franklin_Cortez - /gotocar 100
[19:32:51] Franklin_Cortez - /gotocar 104
[19:32:52] Franklin_Cortez - /gotocar 106
[19:32:55] Franklin_Cortez - /gotocar 134
[19:32:59] Franklin_Cortez - /gotocar 137
[19:33:01] Franklin_Cortez - /gotocar 138
[19:33:03] Franklin_Cortez - /gotocar 140
[19:33:05] Franklin_Cortez - /gotocar 1460
[19:33:10] Franklin_Cortez - /gotocar 270
[19:33:19] Franklin_Cortez - /gotocar 380
[19:33:41] Franklin_Cortez - /race
[19:33:43] Franklin_Cortez - /race start
[19:33:52] Franklin_Cortez - /race start 2 60 5000000
[19:33:58] Franklin_Cortez - /race load
[19:34:09] Franklin_Cortez - /race load 2 Franklin VS Harold
[19:34:15] Harold_Sylvester - /asayn na vok
[19:34:16] Franklin_Cortez - /race load 2 
[19:34:17] Franklin_Cortez - /race load 2 sd
[19:34:22] Franklin_Cortez - /asay /race
[19:34:26] Franklin_Cortez - /gethere harold
[19:34:31] Franklin_Cortez - /gethere harold_S
[19:34:34] Franklin_Cortez - /gethere 
[19:34:35] Franklin_Cortez - /gethere 2
[19:34:48] Franklin_Cortez - /háztipus
[19:34:52] Franklin_Cortez - /háztipus
[19:34:58] Franklin_Cortez - /alefoglal
[19:35:04] Franklin_Cortez - /jail 2 admin2 540000 2
[19:35:07] Franklin_Cortez - /jail 2 admin 540000 2
[19:35:07] Harold_Sylvester - /kick harold_s
[19:35:17] Franklin_Cortez - /crs
[19:35:21] Franklin_Cortez - /tele
[19:35:31] Franklin_Cortez - /setstat
[19:35:44] Franklin_Cortez - /setstat Franklin 25 3
[19:35:46] Franklin_Cortez - /stats
[19:35:57] Franklin_Cortez - /setstat Franklin 26 3
[19:35:59] Franklin_Cortez - /stats
[19:36:03] Franklin_Cortez - /setstat Franklin 26 1
[19:36:05] Franklin_Cortez - /stats
[19:36:12] Franklin_Cortez - /setstat Franklin 26 17000
[19:36:13] Franklin_Cortez - /stats
[19:36:17] Franklin_Cortez - /stats
[19:36:23] Franklin_Cortez - /setstat Franklin 26 
[19:36:33] Franklin_Cortez - /setstat Franklin 1 30
[19:36:35] Franklin_Cortez - /setstat Franklin 1 36
[19:36:38] Franklin_Cortez - /stats
[19:36:44] Franklin_Cortez - /stats
[19:36:45] Franklin_Cortez - /ah
[19:36:53] Franklin_Cortez - /ban
[19:37:12] Franklin_Cortez - /biz 5
[19:37:21] Franklin_Cortez - /kick franklin
