[00:05:38] Ancez_Tamas3 - /register
[00:06:16] Ancez_Tamas - /login
[00:06:34] Ancez_Tamas - /help
[00:06:36] Ancez_Tamas - /ah
[00:07:08] Ancez_Tamas - /setstat
[00:07:54] Ancez_Tamas - /makeleader
[00:08:10] Ancez_Tamas - /enter
[00:08:26] Ancez_Tamas - /exit
[00:08:36] Ancez_Tamas - /asegit 0
[00:08:44] Ancez_Tamas - /kick
[00:08:45] Ancez_Tamas - /kick 0
[00:09:54] Ancez_Tamas - /login
[00:10:04] Ancez_Tamas - /jelszovaltas
[00:10:07] Ancez_Tamas - /jelszovaltas dementor
[00:10:25] Ancez_Tamas - /asegit 0
[00:11:17] Ancez_Tamas - /login
[00:15:25] Ancez_Tamas - /login
[00:19:00] Ancez_Tamas - /login
[00:19:16] Ancez_Tamas - /setstat
[00:19:23] Ancez_Tamas - /setstat 1 1 1
[00:19:33] Ancez_Tamas - /stats
[00:20:31] Ancez_Tamas - /
[00:27:38] Ancez_Tamas - /login
[00:32:01] Ancez_Tamas - /login
[00:32:12] Ancez_Tamas - /money
[00:32:15] Ancez_Tamas - /money 0 10000
[00:32:21] Ancez_Tamas - /szerver
[00:32:29] Ancez_Tamas - /szerver gmx 30
[00:32:31] Ancez_Tamas - /szerver gmx 45
[00:33:47] Ancez_Tamas - /login
[00:35:19] Ancez_Tamas - /makeleader
[00:35:22] Ancez_Tamas - /mérgez
[00:35:34] Ancez_Tamas - /makeleader 1 8
[00:35:39] Ancez_Tamas - /makeleader 0 8
[00:35:42] Ancez_Tamas - /makeleader 0 8
[00:35:49] Ancez_Tamas - /help
[00:35:54] Ancez_Tamas - /hotmannév
[00:35:56] Ancez_Tamas - /méreg
[00:35:58] Ancez_Tamas - /hitmannév
[00:36:06] Ancez_Tamas - /hitmannév 0 Anyad
[00:36:17] Ancez_Tamas - /méreg
[00:36:19] Ancez_Tamas - /méreg 0
[00:36:44] Ancez_Tamas - /makeleader
[00:57:54] Ancez_Tamas - /login
[00:58:55] Ancez_Tamas - /lift
[00:58:59] Ancez_Tamas - /lift fel
[00:59:07] Ancez_Tamas - /lift le
[00:59:15] Ancez_Tamas - /asegit 0
[00:59:23] Ancez_Tamas - /ujmodel
[00:59:31] Ancez_Tamas - /ujmodel Infernus
[00:59:37] Ancez_Tamas - /ah
[00:59:46] Ancez_Tamas - /pozmentes
[00:59:58] Ancez_Tamas - /ujmodel
[01:00:00] Ancez_Tamas - /ujmodel 1
[01:00:06] Ancez_Tamas - /ujmodel Infernus
[01:00:13] Ancez_Tamas - /poz
[01:00:16] Ancez_Tamas - /poz
[01:00:18] Ancez_Tamas - /poz
[01:00:21] Ancez_Tamas - /veh
[01:00:29] Ancez_Tamas - /veh Infernus 0 0
[01:00:37] Ancez_Tamas - /race
[01:00:39] Ancez_Tamas - /race load
[01:01:31] Ancez_Tamas - /race load 0 seelssflv
[01:01:37] Ancez_Tamas - /race
[01:01:39] Ancez_Tamas - /race start
[01:01:51] Ancez_Tamas - /race start 0 5 100000 40
[01:02:31] Ancez_Tamas - /race join
[01:02:33] Ancez_Tamas - /money
[01:02:36] Ancez_Tamas - /setstat
[01:02:49] Ancez_Tamas - /money 0 1000000
[01:02:53] Ancez_Tamas - /race join
[01:03:47] Ancez_Tamas - /asegit 0
[01:03:49] Ancez_Tamas - /sethp
[01:03:52] Ancez_Tamas - /sethp 0 10000
[01:03:55] Ancez_Tamas - /sethp 0 100
[01:03:57] Ancez_Tamas - /sethp 0 300
[01:13:04] Ancez_Tamas - /login
[01:13:16] Ancez_Tamas - /kick 0
[01:15:13] Ancez_Tamas - /login
[01:15:25] Ancez_Tamas - /ah
[01:15:57] Ancez_Tamas - /Loadversion
[01:16:12] Ancez_Tamas - /adminalnevbe
[01:16:17] Ancez_Tamas - /adminalnev
[01:16:24] Ancez_Tamas - /adminalnev KURVA
[01:16:42] Ancez_Tamas - /asegit 0
[01:16:46] Ancez_Tamas - /hitman
[01:16:52] Ancez_Tamas - /help
[01:17:04] Ancez_Tamas - /saveaccont
[01:17:07] Ancez_Tamas - /ah
[01:17:25] Ancez_Tamas - /goigénylás
[01:17:26] Ancez_Tamas - /goigénylés
[01:17:28] Ancez_Tamas - /goigénylés 0
[01:20:04] Ancez_Tamas - /login
[01:20:13] Ancez_Tamas - /money
[01:20:15] Ancez_Tamas - /money 0 100
[01:20:17] Ancez_Tamas - /saved
[01:20:38] Ancez_Tamas - /llogin
[01:20:39] Ancez_Tamas - /login
[01:20:55] Ancez_Tamas - /enter
[01:20:59] Ancez_Tamas - /sellhouse
[01:21:03] Ancez_Tamas - /sk
[01:25:41] Ancez_Tamas - /login
[01:25:45] Ancez_Tamas - /jail
[01:25:48] Ancez_Tamas - /jail
[01:25:56] Ancez_Tamas - /jail 0 admin2 10 me
[01:31:00] Ancez_Tamas - /login
[01:31:14] Ancez_Tamas - /Kick 0
[02:40:49] Ancez_Tamas - /login
[02:40:57] Ancez_Tamas - /széf
[02:41:07] Ancez_Tamas - /bank
[02:41:10] Ancez_Tamas - /bank info
[02:41:25] Ancez_Tamas - /asegit 0
[02:41:44] Ancez_Tamas - /alefoglal
[02:41:51] Ancez_Tamas - /nyit
[02:41:54] Ancez_Tamas - /zar
[02:42:02] Ancez_Tamas - /Lampa
[02:44:35] Ancez_Tamas - /login
[02:45:45] Ancez_Tamas - /nyit
[02:45:47] Ancez_Tamas - /zar
[02:48:23] Ancez_Tamas - /login
[02:48:29] Ancez_Tamas - /széf
[02:48:32] Ancez_Tamas - /ah
[02:48:38] Ancez_Tamas - /bank
[02:48:43] Ancez_Tamas - /ah
[02:48:45] Ancez_Tamas - /teles
[02:49:02] Ancez_Tamas - /nyit
[02:49:04] Ancez_Tamas - /nyit
[15:29:39] Ancez_Tamas - /login
[15:30:07] Ancez_Tamas - /nyit
[15:37:22] Ancez_Tamas - /login
[15:37:48] Ancez_Tamas - /nyit
[15:37:50] Ancez_Tamas - /zar
[15:37:57] Ancez_Tamas - /zar
[15:37:58] Ancez_Tamas - /zar
[15:37:58] Ancez_Tamas - /zar
[15:44:04] Ancez_Tamas - /login
[15:44:31] Ancez_Tamas - /nyit
[15:44:33] Ancez_Tamas - /zar
[15:45:43] Ancez_Tamas1 - /login
[15:46:07] Ancez_Tamas1 - /nyit
[15:46:10] Ancez_Tamas1 - /zar
[15:46:15] Ancez_Tamas1 - /ah
[15:46:23] Ancez_Tamas1 - /knevvaltas
[15:46:29] Ancez_Tamas1 - /knevvaltas 0 Ancez_Tamas
[15:46:32] Ancez_Tamas - /nyit
[15:46:34] Ancez_Tamas - /zar
[16:09:54] Ancez_Tamas - /login
[16:10:15] Ancez_Tamas - /onduty
[16:10:33] Ancez_Tamas - /war
[16:10:58] Ancez_Tamas - /ah
[16:11:10] Ancez_Tamas - /ujbejarat
[16:11:18] Ancez_Tamas - /ujbelso
[16:11:23] Ancez_Tamas - /ujbelso 1
[16:11:41] Ancez_Tamas - /haztipus
[16:11:58] Ancez_Tamas - /house
[16:12:02] Ancez_Tamas - /house 0
[16:12:03] Ancez_Tamas - /house 1
[16:12:04] Ancez_Tamas - /house 2
[16:12:05] Ancez_Tamas - /house 3
[16:12:07] Ancez_Tamas - /ah
[16:12:15] Ancez_Tamas - /houseo
[16:12:26] Ancez_Tamas - /ujbejarat
[16:12:30] Ancez_Tamas - /ujbejarat Los Santos
[16:12:33] Ancez_Tamas - /ujbejarat 1 Los Santos
[16:12:53] Ancez_Tamas - /fa
[16:12:54] Ancez_Tamas - /fa ?
[16:17:54] Ancez_Tamas - /házigényléside
[16:18:01] Ancez_Tamas - /házigénylés
[16:18:04] Ancez_Tamas - /házigénylés be
[16:18:11] Ancez_Tamas - /acr
[16:18:22] Ancez_Tamas - /ujhaz
[16:18:37] Ancez_Tamas - /ujhaz 1 100000 0
[16:18:43] Ancez_Tamas - /exit
[16:19:02] Ancez_Tamas - /Enter
[16:19:03] Ancez_Tamas - /afk
[16:19:10] Ancez_Tamas - /afk
[16:23:12] Ancez_Tamas - /exit
[16:23:29] Ancez_Tamas - /ujhaz 1 100000 0
[16:23:32] Ancez_Tamas - /exit
[16:25:04] Ancez_Tamas - /ujhaz 15 100000 0
[16:28:28] Ancez_Tamas - /login
[16:28:51] Ancez_Tamas - /a
[16:28:52] Ancez_Tamas - /ah
[16:28:54] Ancez_Tamas - /poz
[16:32:06] Ancez_Tamas - /login
[16:32:26] Ancez_Tamas - /tekes
[16:32:27] Ancez_Tamas - /teles
[16:32:30] Ancez_Tamas - /teele
[16:32:31] Ancez_Tamas - /tele
[16:32:37] Ancez_Tamas - /ujbiz
[16:35:05] Ancez_Tamas - /ujhaz
[16:35:21] Ancez_Tamas - /ujhaz 37 100000 0
[16:35:29] Ancez_Tamas - /exit
[16:35:30] Ancez_Tamas - /torol
[16:35:36] Ancez_Tamas - /töröl
[16:37:00] Ancez_Tamas - /szerver
[16:37:02] Ancez_Tamas - /szerver gmx 10
[16:37:04] Ancez_Tamas - /szerver gmx 45
[16:37:44] Ancez_Tamas - /login
[16:37:57] Ancez_Tamas - /tele
[16:40:07] Ancez_Tamas - /login
[16:40:37] Ancez_Tamas - /enter
[16:40:41] Ancez_Tamas - /house
[16:40:42] Ancez_Tamas - /house 0
[16:40:44] Ancez_Tamas - /house 1
[16:40:46] Ancez_Tamas - /house 2
[16:40:47] Ancez_Tamas - /house 3
[16:40:49] Ancez_Tamas - /exit
[16:40:59] Ancez_Tamas - /ujhaz 
[16:41:03] Ancez_Tamas - /ujhaz  2 10000 0
[16:41:10] Ancez_Tamas - /exit
[16:41:17] Ancez_Tamas - /ujhaz  3 10000 0
[16:41:24] Ancez_Tamas - /ujhaz  4 10000 0
[16:41:31] Ancez_Tamas - /ujhaz  5 10000 0
[16:41:35] Ancez_Tamas - /ujhaz  6 10000 0
[16:42:54] Ancez_Tamas - /ujhaz  7 10000 0
[16:43:10] Ancez_Tamas - /ujhaz  8 10000 0
[16:43:15] Ancez_Tamas - /ujhaz  9 10000 0
[16:43:21] Ancez_Tamas - /ujhaz  10 10000 0
[16:43:50] Ancez_Tamas - /ujhaz  11 10000 0
[16:44:04] Ancez_Tamas - /ujhaz  12 10000 0
[16:44:18] Ancez_Tamas - /ujhaz  13 10000 0
[16:44:34] Ancez_Tamas - /ujhaz 14 10000 0
[16:44:41] Ancez_Tamas - /ujhaz 15 10000 0
[16:45:08] Ancez_Tamas - /ujhaz 16 10000 0
[16:45:13] Ancez_Tamas - /ujhaz 17 10000 0
[16:45:22] Ancez_Tamas - /ujhaz 18 10000 0
[16:45:37] Ancez_Tamas - /ujhaz 19 10000 0
[16:45:42] Ancez_Tamas - /ujhaz 20 10000 0
[16:45:49] Ancez_Tamas - /ujhaz 21 10000 0
[16:45:54] Ancez_Tamas - /ujhaz 22 10000 0
[16:46:07] Ancez_Tamas - /ujhaz 23 10000 0
[16:46:20] Ancez_Tamas - /ujhaz 24 10000 0
[16:46:32] Ancez_Tamas - /ujhaz 25 10000 0
[16:46:37] Ancez_Tamas - /ujhaz 26 10000 0
[16:46:54] Ancez_Tamas - /ujhaz 27 10000 0
[16:47:07] Ancez_Tamas - /ujhaz 28 10000 0
[16:48:28] Ancez_Tamas - /login
[16:48:44] Ancez_Tamas - /ujbelso 28 1 0
[16:48:50] Ancez_Tamas - /ujhaz 28 1 0
[16:48:56] Ancez_Tamas - /ujhaz 29 1 0
[16:49:07] Ancez_Tamas - /ujhaz 30 1 0
[16:49:21] Ancez_Tamas - /ujhaz 31 1 0
[16:49:32] Ancez_Tamas - /ujhaz 32 1 0
[16:49:41] Ancez_Tamas - /ujhaz 33 1 0
[16:50:02] Ancez_Tamas - /ujhaz 34 1 0
[16:50:11] Ancez_Tamas - /ujhaz 35 1 0
[16:50:26] Ancez_Tamas - /ujhaz 36 1 0
[16:50:38] Ancez_Tamas - /ujhaz 37 1 0
[16:51:55] Ancez_Tamas - /login
[16:52:25] Ancez_Tamas - /ujbizhely
[16:52:31] Ancez_Tamas - /ujbizhely
[16:56:08] Ancez_Tamas - /login
[16:56:19] Ancez_Tamas - /ujbizhely
[16:56:44] Ancez_Tamas - /ah
[16:56:49] Ancez_Tamas - /kban
[16:56:51] Ancez_Tamas - /kban 0
[16:56:59] Ancez_Tamas - /iban
[16:57:01] Ancez_Tamas - /iban 0
[16:57:02] Ancez_Tamas - /ban
[16:57:09] Ancez_Tamas - /ban 0 9999999999999999999999999999 takarodj
