[12:59:18] Terno_Tommys - /login
[12:59:33] Terno_Tommys - /setskin terno 133
[12:59:45] Terno_Tommys - /kamion
[12:59:48] Terno_Tommys - /kamion szállít
[13:05:31] Terno_Tommys - /login
[13:06:00] Terno_Tommys - /kamion szállít
[13:17:24] Terno_Tommys - /login
[13:17:57] Terno_Tommys - /kamion szállít
[13:17:59] Terno_Tommys - /kamion szállít
[13:20:27] Terno_Tommys - /kamion lerak
[13:24:52] Terno_Tommys - /poz
[13:25:12] Terno_Tommys - /tele
[13:27:28] Terno_Tommys - /veh roadtrain
[13:34:18] Terno_Tommys - /login
[13:34:28] Terno_Tommys - /tele
[13:34:39] Terno_Tommys - /veh roadtrain
[13:34:44] Terno_Tommys - /alefoglal
[13:34:48] Terno_Tommys - /alefoglal
[13:34:49] Terno_Tommys - /alefoglal
[13:34:50] Terno_Tommys - /alefoglal
[13:34:52] Terno_Tommys - /alefoglal
[13:35:22] Terno_Tommys - /kamion szállítás
[13:35:24] Terno_Tommys - /kamion szállít
[13:35:25] Terno_Tommys - /kamion szállít
[13:35:26] Terno_Tommys - /kamion szállít
[13:36:00] Terno_Tommys - /login
[13:36:12] Terno_Tommys - /tele
[13:36:23] Terno_Tommys - /veh turismo
[13:36:26] Terno_Tommys - /alefoglal
[13:36:49] Terno_Tommys - /veh roadtrain
[13:37:08] Terno_Tommys - /kamion szállít
[13:37:11] Terno_Tommys - /kamion szállít
[13:38:40] Terno_Tommys - /kamion lerak
[15:52:51] Terno_Tommys - /login
[15:53:09] Terno_Tommys - /tele
[15:53:23] Terno_Tommys - /veh roadtrain
[15:54:15] Terno_Tommys - /kamion szállít
[15:54:37] Terno_Tommys - /kamion szállít
[15:54:40] Terno_Tommys - /kamion szállít
[15:56:23] Terno_Tommys - /kamion lerak
[15:56:25] Terno_Tommys - /kamion lerak
[15:56:26] Terno_Tommys - /kamion lerak
[15:59:49] Terno_Tommys - /resivan
[15:59:54] Terno_Tommys - /resi
[15:59:58] Terno_Tommys - /resivan
[15:59:59] Terno_Tommys - /resivan
[16:00:00] Terno_Tommys - /resivan
[16:12:48] Terno_Tommys - /login
[16:12:57] Terno_Tommys - /tele
[16:13:21] Terno_Tommys - /kamion szállít
[16:13:33] Terno_Tommys - /kamion szállít
[16:13:36] Terno_Tommys - /kamion szállít
[16:13:38] Terno_Tommys - /kamion szállít
[16:13:41] Terno_Tommys - /kamion szállít
[16:13:43] Terno_Tommys - /kamion szállít
[16:13:46] Terno_Tommys - /kamion szállít
[16:13:49] Terno_Tommys - /kamion szállít
[16:13:50] Terno_Tommys - /kamion szállít
[16:13:51] Terno_Tommys - /kamion szállít
[16:15:14] Terno_Tommys - /kamion lerak
[16:31:09] Terno_Tommys - /login
[16:31:16] Terno_Tommys - /tele
[16:31:40] Terno_Tommys - /kamion szállít
[16:31:44] Terno_Tommys - /kamion szállít
[16:33:12] Terno_Tommys - /kamion lerak
[16:33:22] Terno_Tommys - /kamion lerak
[16:33:25] Terno_Tommys - /kamion sz
[16:33:29] Terno_Tommys - /kamion szállít
[16:33:33] Terno_Tommys - /tele
[16:33:48] Terno_Tommys - /kamion szállít
[16:33:51] Terno_Tommys - /kamion szállít
[16:33:55] Terno_Tommys - /kamion szállít
[16:34:49] Terno_Tommys - /kamion szállít
[16:34:52] Terno_Tommys - /crs
[16:34:56] Terno_Tommys - /crs
[16:34:57] Terno_Tommys - /crs
[16:35:06] Terno_Tommys - /veh roadtrain
[16:35:29] Terno_Tommys - /kamion szállít
[16:35:34] Terno_Tommys - /kamion szállít
[16:35:41] Terno_Tommys - /kamion szállít
[16:35:51] Terno_Tommys - /kamion szállít
[16:35:52] Terno_Tommys - /kamion szállít
[16:35:57] Terno_Tommys - /kamion szállít
[16:35:58] Terno_Tommys - /kamion szállít
[16:35:58] Terno_Tommys - /kamion szállít
[16:35:59] Terno_Tommys - /kamion szállít
[16:36:07] Terno_Tommys - /kamion szállít
[16:36:10] Terno_Tommys - /kamion szállít
[16:36:11] Terno_Tommys - /kamion szállít
[16:36:12] Terno_Tommys - /kamion szállít
[16:36:13] Terno_Tommys - /kamion szállít
[16:36:14] Terno_Tommys - /kamion szállít
[16:36:15] Terno_Tommys - /kamion szállít
[16:36:16] Terno_Tommys - /kamion szállít
[16:36:17] Terno_Tommys - /kamion szállít
[16:36:18] Terno_Tommys - /kamion szállít
[16:36:19] Terno_Tommys - /kamion szállít
[16:40:15] Terno_Tommys - /login
[16:40:24] Terno_Tommys - /tele
[16:40:50] Terno_Tommys - /kamion szállít
[16:40:53] Terno_Tommys - /kamion szállít
[16:42:21] Terno_Tommys - /kamion lerak
[16:42:24] Terno_Tommys - /kamion lerak
[16:42:26] Terno_Tommys - /tele
[16:42:31] Terno_Tommys - /tele
[16:42:47] Terno_Tommys - /kamion szállít
[17:03:52] Terno_Tommys - /login
[17:04:19] Terno_Tommys - /kamion
[17:04:22] Terno_Tommys - /kamion szállít
[17:04:28] Terno_Tommys - /kamion szállít
[17:04:38] Terno_Tommys - /kamion töröl
[17:04:42] Terno_Tommys - /kamion szállít
[17:07:00] Terno_Tommys - /login
[17:07:19] Terno_Tommys - /veh roadtrain
[17:07:35] Terno_Tommys - /kamion szállít
[17:07:40] Terno_Tommys - /kamion töröl
[17:07:42] Terno_Tommys - /kamion szállít
[17:07:51] Terno_Tommys - /kamion töröl
[17:07:53] Terno_Tommys - /kamion szállít
[17:07:57] Terno_Tommys - /kamion szállít
[17:07:58] Terno_Tommys - /kamion szállít
[17:08:10] Terno_Tommys - /kamion szállít
[17:10:58] Terno_Tommys - /login
[17:11:25] Terno_Tommys - /kamion szállít
[17:11:29] Terno_Tommys - /kamion
[17:11:32] Terno_Tommys - /kamion töröl
[17:11:37] Terno_Tommys - /kamion szállít
[17:11:41] Terno_Tommys - /kamion töröl
[17:11:42] Terno_Tommys - /kamion szállít
[17:11:45] Terno_Tommys - /kamion töröl
[17:11:46] Terno_Tommys - /kamion szállít
[17:11:54] Terno_Tommys - /kamion töröl
[17:11:56] Terno_Tommys - /kamion szállít
[17:11:59] Terno_Tommys - /kamion szállít
[17:12:01] Terno_Tommys - /kamion szállít
[17:12:02] Terno_Tommys - /kamion szállít
[17:12:04] Terno_Tommys - /kamion szállít
[17:12:08] Terno_Tommys - /kamion töröl
[17:12:09] Terno_Tommys - /kamion szállít
[17:12:13] Terno_Tommys - /kamion töröl
[17:12:14] Terno_Tommys - /kamion szállít
[17:12:29] Terno_Tommys - /kamion töröl
[17:12:30] Terno_Tommys - /kamion szállít
[17:13:49] Terno_Tommys - /kamion lerak
[17:14:15] Terno_Tommys - /kamion szállít
[17:14:25] Terno_Tommys - /kamion lerak
[17:14:28] Terno_Tommys - /kamion szállít
[17:14:29] Terno_Tommys - /kamion lerak
[17:14:46] Terno_Tommys - /tele
[17:14:54] Terno_Tommys - /tele
[17:14:58] Terno_Tommys - /tele
[17:16:53] Terno_Tommys - /fly
[17:16:54] Terno_Tommys - /fly
[17:16:54] Terno_Tommys - /fly
[17:16:56] Terno_Tommys - /fly
[17:16:57] Terno_Tommys - /fly
[17:16:59] Terno_Tommys - /fly
[17:17:01] Terno_Tommys - /fly
[17:27:27] Terno_Tommys - /login
[17:27:36] Terno_Tommys - /tele
[17:28:01] Terno_Tommys - /kamion szállít
[17:29:20] Terno_Tommys - /kamion lerak
[17:31:55] Terno_Tommys - /login
[17:32:03] Terno_Tommys - /tele
[17:32:30] Terno_Tommys - /kamion szállít
[17:35:09] Terno_Tommys - /kamion lerak
[17:37:59] Terno_Tommys - /kamion lerak
[17:38:57] Terno_Tommys - /kamion
[17:39:01] Terno_Tommys - /tele
[17:39:16] Terno_Tommys - /kamion szállít
[17:39:32] Terno_Tommys - /kamion töröl
[17:39:33] Terno_Tommys - /kamion szállít
[17:40:41] Terno_Tommys - /gotopoz
[17:40:44] Terno_Tommys - /gotopoz
[17:41:04] Terno_Tommys - /kamion lerak
[17:41:17] Terno_Tommys - /kamion
[17:41:19] Terno_Tommys - /kamion
[17:41:21] Terno_Tommys - /mark
[17:41:23] Terno_Tommys - /tele
[17:41:40] Terno_Tommys - /kamion szállítás
[17:41:42] Terno_Tommys - /kamion szállít
[17:41:46] Terno_Tommys - /gotomark
[17:42:03] Terno_Tommys - /kamion lerak
[17:42:06] Terno_Tommys - /kamion lerak
[20:29:36] Terno_Tommys - /login
[20:29:44] Terno_Tommys - /tele
[20:29:52] Terno_Tommys - /veh roadtrain
[20:30:17] Terno_Tommys - /kamion szállít
[20:31:34] Terno_Tommys - /kamion lerak
[20:31:38] Terno_Tommys - /kamion lerak
[20:31:39] Terno_Tommys - /kamion lerak
[20:32:01] Terno_Tommys - /mark
[20:32:02] Terno_Tommys - /tele
[20:32:09] Terno_Tommys - /kamion töröl
[20:32:28] Terno_Tommys - /kamion szállít
[20:32:31] Terno_Tommys - /kamion töröl
[20:32:32] Terno_Tommys - /kamion szállít
[20:32:51] Terno_Tommys - /rendszám
[20:32:56] Terno_Tommys - /gotomark
[20:33:02] Terno_Tommys - /motor
[20:33:08] Terno_Tommys - /crs
[20:33:11] Terno_Tommys - /getcar 404
[20:33:57] Terno_Tommys - /kamion lerak
[20:34:00] Terno_Tommys - /kamion lerak
[20:34:03] Terno_Tommys - /kamion lerak
[20:34:08] Terno_Tommys - /kamion lerak
[20:34:17] Terno_Tommys - /kamion lerak
[20:34:19] Terno_Tommys - /kamion lerak
[20:34:27] Terno_Tommys - /crs
[20:34:29] Terno_Tommys - /crs
[20:34:31] Terno_Tommys - /crs
[20:34:34] Terno_Tommys - /crs
[20:34:36] Terno_Tommys - /tele
[20:34:45] Terno_Tommys - /kamion töröl
[20:34:53] Terno_Tommys - /kamion szállít
[20:35:11] Terno_Tommys - /kamion szállít
[20:37:42] Terno_Tommys - /kamion lerak
[20:37:53] Terno_Tommys - /tele
[20:38:11] Terno_Tommys - /kamion szállít
[20:38:43] Terno_Tommys - /atuning nitro
[20:39:10] Terno_Tommys - /atuning nitro
[20:39:37] Terno_Tommys - /atuning nitro
[20:40:23] Terno_Tommys - /kamion lerak
[20:50:27] Terno_Tommys - /login
[20:50:33] Terno_Tommys - /tele
[20:50:41] Terno_Tommys - /veh roadtrain
[20:50:50] Terno_Tommys - /destroycars
[20:50:57] Terno_Tommys - /adminadomany terno_T 5500
[20:51:00] Terno_Tommys - /stats
[20:51:11] Terno_Tommys - /veh roadtrain
[20:51:32] Terno_Tommys - /kamion szállít
[20:52:43] Terno_Tommys - /atuning nitro
[20:53:10] Terno_Tommys - /atuning nitro
[20:53:45] Terno_Tommys - /kamion lerak
[20:53:54] Terno_Tommys - /tele
[20:54:13] Terno_Tommys - /kamion szállít
[20:55:22] Terno_Tommys - /kamion lerak
[20:55:25] Terno_Tommys - /kamion lerak
[20:55:27] Terno_Tommys - /kamion lerak
[20:55:28] Terno_Tommys - /kamion lerak
[20:55:34] Terno_Tommys - /kamion lerak
[20:55:38] Terno_Tommys - /kamion lerak
[20:56:48] Terno_Tommys - /kamion lerak
[20:56:54] Terno_Tommys - /kamion lerak
[20:56:56] Terno_Tommys - /kamion lerak
[20:57:00] Terno_Tommys - /kamion lerak
[20:57:49] Terno_Tommys - /kamion lerak
[20:58:04] Terno_Tommys - /kamion töröl
[21:14:54] Terno_Tommys - /login
[21:15:03] Terno_Tommys - /ujjelszo asd
[21:15:10] Terno_Tommys - /ujjelszo asd
[21:15:13] Terno_Tommys - /újjelszó
[21:15:18] Terno_Tommys - /ujjelszo
[21:15:21] Terno_Tommys - /password
[21:15:24] Terno_Tommys - /ah
[21:15:28] Terno_Tommys - /help
[21:15:36] Terno_Tommys - /jelszovaltas
[21:15:38] Terno_Tommys - /jelszovaltas asd
[21:18:44] Terno_Tommys - /login
[21:20:11] Malor_Cortez - /login
[21:20:11] Terno_Tommys - /login
[21:20:21] Terno_Tommys - /nevek
[21:20:28] Terno_Tommys - /b /tele 
[21:20:31] Terno_Tommys - /b kamionra
[21:20:33] Terno_Tommys - /tele
[21:20:34] Malor_Cortez - /ahelp
[21:20:36] Malor_Cortez - /tele
[21:20:43] Terno_Tommys - /a adminod van?
[21:20:47] Malor_Cortez - /a nená
[21:20:49] Terno_Tommys - /a xd
[21:20:55] Terno_Tommys - /a csak másoltam én karim xd
[21:21:00] Malor_Cortez - /a xD
[21:21:08] Terno_Tommys - /a nah feladat, /kamion szállít és csinálni
[21:21:20] Malor_Cortez - /b adj kjamion melót
[21:21:28] Malor_Cortez - /a vagy van?
[21:21:29] Malor_Cortez - /stats
[21:21:42] Malor_Cortez - /kamion szállít
[21:21:45] Malor_Cortez - /kamion szállít
[21:21:48] Terno_Tommys - /kamion szállít
[21:21:53] Malor_Cortez - /a nekem megy
[21:21:56] Terno_Tommys - /a hova kell menni?
[21:22:00] Terno_Tommys - /a szállítsd le
[21:22:07] Malor_Cortez - /a ahonnan jöttünk
[21:22:12] Terno_Tommys - /a ez mi volt?
[21:22:15] Terno_Tommys - /b xd
[21:22:17] Malor_Cortez - /a alt taboltam
[21:22:28] Terno_Tommys - /a ok nah próbáld leadni én kikõtõbe megyek
[21:22:46] Malor_Cortez - /fixveh
[21:22:50] Malor_Cortez - /fixveh 2
[21:22:52] Terno_Tommys - /a /atuning nitro
[21:22:54] Terno_Tommys - /atuning nitro
[21:22:57] Malor_Cortez - /atuning nitro
[21:23:01] Malor_Cortez - /atuning hidraulika
[21:23:39] Terno_Tommys - /atuning nitro
[21:24:06] Malor_Cortez - /kamion szállít
[21:24:19] Malor_Cortez - /kamion lerak
[21:24:23] Malor_Cortez - /kamion lerak
[21:24:24] Terno_Tommys - /a nah oda értél?
[21:24:26] Malor_Cortez - /a 5k
[21:24:35] Terno_Tommys - /kamion lerak
[21:24:37] Terno_Tommys - /a kir
[21:24:39] Terno_Tommys - /a tele vissza
[21:24:40] Malor_Cortez - /a mennyek vissza újért
[21:24:40] Terno_Tommys - /tele
[21:24:43] Malor_Cortez - /crs
[21:24:44] Malor_Cortez - /tele
[21:24:49] Terno_Tommys - /a csak tele
[21:24:51] Terno_Tommys - /a /tele
[21:24:52] Malor_Cortez - /a xD
[21:25:04] Malor_Cortez - /kamion szállít
[21:25:11] Terno_Tommys - /a még egy kört azt sztem elég tesztnek
[21:25:13] Malor_Cortez - /a Ls sivatad
[21:25:16] Terno_Tommys - /a okok
[21:25:20] Terno_Tommys - /kamion szállít
[21:25:24] Malor_Cortez - /atunign nitroa
[21:25:24] Terno_Tommys - /kamion szállít
[21:25:31] Terno_Tommys - /a nekem meg határ mellé
[21:25:33] Malor_Cortez - /a Ezta  rendes szerverre is rakhatod nekem mint
[21:25:37] Malor_Cortez - /a jogok szerveren xD
[21:25:40] Terno_Tommys - /a xd
[21:25:42] Malor_Cortez - /atuing nitro
[21:25:45] Malor_Cortez - /atuning nitro
[21:25:49] Malor_Cortez - /atuning hidraulika
[21:26:16] Malor_Cortez - /fixveh 
[21:26:18] Malor_Cortez - /fixveh 2
[21:26:54] Terno_Tommys - /kamion lerak
[21:26:57] Terno_Tommys - /a nah?
[21:26:59] Terno_Tommys - /goto malor
[21:27:01] Malor_Cortez - /a megyek még
[21:27:08] Terno_Tommys - /a áá itt még szar a /goto
[21:27:12] Terno_Tommys - /goto malor
[21:27:13] Malor_Cortez - /a xD
[21:27:15] Terno_Tommys - /goto malor
[21:27:21] Terno_Tommys - /tv malor
[21:27:31] Terno_Tommys - /a és kiírja ha tévézlek xd
[21:27:42] Terno_Tommys - /a xd ugrál
[21:27:45] Malor_Cortez - /a xD
[21:28:08] Terno_Tommys - /asegit terno_T
[21:28:26] Malor_Cortez - /kamion lerak
[21:28:29] Terno_Tommys - /a 15k?
[21:28:32] Malor_Cortez - /a Fizetés 1500?
[21:28:42] Malor_Cortez - /a 1500 ft
[21:28:43] Terno_Tommys - /a akko kell majd egy nulla ha annyi xd
[21:28:51] Terno_Tommys - /a nah ilyen lesz a kamionos meló xd
[21:28:54] Malor_Cortez - /tele
[21:28:55] Terno_Tommys - /a terno edition
[21:28:57] Terno_Tommys - /tv
[21:28:59] Malor_Cortez - /a Und Malor
[21:29:01] Terno_Tommys - /tele
[21:29:12] Terno_Tommys - /a und malor testimg
[21:29:15] Terno_Tommys - /a und malor testing xd
[21:29:16] Malor_Cortez - /kamion szállítás
[21:29:20] Malor_Cortez - /a oks xD
[21:29:26] Terno_Tommys - /a még berakok pár pozicíót
[21:29:27] Malor_Cortez - /kamion szállít
[21:29:32] Terno_Tommys - /a azt nem olyan uncsi
[21:29:38] Malor_Cortez - /kamion szállít
[21:29:44] Terno_Tommys - /a meg árakat átnézem azt kész :P
[21:29:44] Malor_Cortez - /kamion szállít
[21:29:48] Malor_Cortez - /kamion szállít
[21:29:57] Terno_Tommys - /kick terno_t
[21:30:06] Malor_Cortez - /motor
[21:30:07] Malor_Cortez - /crs
[21:30:10] Malor_Cortez - /crs
[21:30:12] Malor_Cortez - /crs
[21:34:28] Terno_Tommys - /login
[21:34:43] Terno_Tommys - /jelszovaltas Flatron5
[21:35:11] Terno_Tommys - /kamion szállít
[21:35:28] Terno_Tommys - /kamion töröl
[21:35:30] Terno_Tommys - /kamion szállít
[21:39:06] Terno_Tommys - /login
[21:39:17] Terno_Tommys - /acrmost
[21:39:23] Terno_Tommys - /crs
[21:39:29] Terno_Tommys - /veh roadtrain
[21:39:44] Terno_Tommys - /gotolv
[21:39:46] Terno_Tommys - /gotolv
[21:39:56] Terno_Tommys - /rendszám
[21:39:57] Terno_Tommys - /rendszám
[21:39:59] Terno_Tommys - /rendszám
[21:40:03] Terno_Tommys - /getcar 455
[21:43:08] Terno_Tommys - /veh trailer
[21:48:50] Terno_Tommys - /veh trailer
[21:50:03] Terno_Tommys - /veh SF reptér repülõgép alkatrészek 16000
[21:51:41] Terno_Tommys - /lámpa
[22:15:24] Terno_Tommys - /login
[22:17:25] Alfred_Billy - /login
[22:17:29] Terno_Tommys - /asay asd
[22:17:38] Terno_Tommys - /tv 1
[22:17:42] Terno_Tommys - /tv
[22:17:44] Terno_Tommys - /tv vissza
[22:17:45] Alfred_Billy - /a XD
[22:17:46] Terno_Tommys - /tv vissza
[22:17:51] Terno_Tommys - /admins
[22:17:57] Alfred_Billy - /a
[22:17:58] Alfred_Billy - /ah
[22:17:59] Terno_Tommys - /goto alfred
[22:18:02] Alfred_Billy - /a 5-ös admin
[22:18:04] Alfred_Billy - /goto Terno
[22:18:09] Alfred_Billy - /as zsír :D
[22:18:09] Terno_Tommys - /makeadmin terno_T 5555
[22:18:11] Terno_Tommys - /admins
[22:18:17] Alfred_Billy - /a ésengem?XD
[22:18:19] Terno_Tommys - /a nah /tele kamion
[22:18:21] Terno_Tommys - /tele
[22:18:22] Alfred_Billy - /tele kamion
[22:18:31] Terno_Tommys - /nevek
[22:18:35] Terno_Tommys - /makeadmin 1 1337
[22:18:40] Terno_Tommys - /a kamionozni kell
[22:18:42] Terno_Tommys - /a :P
[22:18:48] Terno_Tommys - /veh roadtrain
[22:18:52] Terno_Tommys - /veh roadtrain
[22:18:52] Alfred_Billy - /ah
[22:19:06] Alfred_Billy - /a dezsír fõadminnak lenni
[22:19:12] Alfred_Billy - /lámpa
[22:19:19] Terno_Tommys - /A hát még modba írva szkripternek xd
[22:19:23] Terno_Tommys - /kamion szállít
[22:19:27] Alfred_Billy - /a Teírtad?:D
[22:19:33] Terno_Tommys - /a jah átírtam a kamiont
[22:19:36] Terno_Tommys - /a tesztelni kell
[22:19:41] Terno_Tommys - /a én LV depóba megyek
[22:19:43] Alfred_Billy - /kamion
[22:19:46] Alfred_Billy - /kamionszálít
[22:19:51] Alfred_Billy - /kamion szállít
[22:19:56] Alfred_Billy - /kamion szállít
[22:19:58] Alfred_Billy - /kamion szállít
[22:20:14] Alfred_Billy - /a sf-be kell menem
[22:20:20] Terno_Tommys - /a /atuning nitro
[22:20:25] Terno_Tommys - /fa :P
[22:20:27] Terno_Tommys - /fa /fa
[22:20:29] Alfred_Billy - /fa XD
[22:20:37] Terno_Tommys - /nooc
[22:20:40] Alfred_Billy - /fa Dejólenne má fõadmin lenné kXD
[22:20:47] Alfred_Billy - /atuning nitro
[22:20:47] Terno_Tommys - /fa írd be /bigears
[22:20:49] Terno_Tommys - /bigears
[22:20:52] Alfred_Billy - /bigears
[22:20:54] Terno_Tommys - /fa szólj ha okés
[22:21:00] Alfred_Billy - /fa oks
[22:21:28] Terno_Tommys - /fa látod amit írok?
[22:21:32] Alfred_Billy - /fa no
[22:21:35] Terno_Tommys - /fa :(
[22:21:36] Alfred_Billy - /bigears
[22:21:38] Alfred_Billy - /bigears
[22:21:42] Alfred_Billy - /kamion lerak
[22:21:45] Alfred_Billy - /kamion lerak
[22:21:47] Alfred_Billy - /kamion lerak
[22:21:48] Terno_Tommys - /makeadmin terno_T 1337
[22:21:50] Alfred_Billy - /kamion lerak
[22:21:51] Alfred_Billy - /kamion lerak
[22:21:52] Alfred_Billy - /kamion lerak
[22:21:54] Terno_Tommys - /b most?
[22:21:55] Alfred_Billy - /kamion lerak
[22:21:57] Alfred_Billy - /b most jó
[22:21:58] Terno_Tommys - /fa most láttad?
[22:22:02] Alfred_Billy - /fa a ahha
[22:22:05] Alfred_Billy - /kamion
[22:22:08] Alfred_Billy - /kamion lerak
[22:22:11] Alfred_Billy - /kamion lerak
[22:22:13] Alfred_Billy - /kamion lerak
[22:22:14] Alfred_Billy - /kamion lerak
[22:22:15] Alfred_Billy - /kamion lerak
[22:22:17] Alfred_Billy - /kamion lerak
[22:22:34] Alfred_Billy - /fs látod?:D
[22:22:36] Alfred_Billy - /fa látod?:D
[22:22:45] Alfred_Billy - /refill
[22:22:53] Terno_Tommys - /kamion lerak
[22:22:55] Alfred_Billy - /kamion lerak
[22:23:26] Terno_Tommys - /tele
[22:23:44] Terno_Tommys - /kamion szállít
[22:23:50] Terno_Tommys - /kamion szállít
[22:24:19] Terno_Tommys - /fa meg van elsõ rossz pozicíó
[22:24:36] Alfred_Billy - /fa no?:d
[22:24:42] Alfred_Billy - /kamion
[22:24:45] Alfred_Billy - /kamion szállít
[22:24:50] Alfred_Billy - /kamion töröl
[22:25:00] Alfred_Billy - /kamion szállít
[22:25:13] Alfred_Billy - /nevek
[22:25:25] Terno_Tommys - /fa javítva
[22:25:33] Terno_Tommys - /fa lemaradt a minusz jel
[22:25:38] Alfred_Billy - /fa XD
[22:25:39] Terno_Tommys - /kamion töröl
[22:25:47] Terno_Tommys - /fa beértél már?
[22:25:55] Terno_Tommys - /kamion szállít
[22:26:01] Alfred_Billy - /fa LS-SF közötti benzinkõt melelt ezt írta
[22:26:12] Terno_Tommys - /fa ?
[22:26:19] Alfred_Billy - /fa Szerintem nem vedted fel az elsõ árút vagy elhagytad!
[22:26:24] Alfred_Billy - /fa pedig elindítottam
[22:26:37] Terno_Tommys - /admins
[22:26:40] Terno_Tommys - /tv alfred
[22:26:47] Alfred_Billy - /fa Most új jön
[22:26:54] Terno_Tommys - /fa de akkor törölted?
[22:26:57] Terno_Tommys - /fa vagy mi?
[22:26:58] Alfred_Billy - /fa jah
[22:26:59] Terno_Tommys - /tv
[22:27:01] Terno_Tommys - /fa ok
[22:27:22] Alfred_Billy - /atuning nitro
[22:27:29] Terno_Tommys - /kamion töröl
[22:27:40] Alfred_Billy - /fa pozíció elrontva
[22:27:46] Terno_Tommys - /kamion szállít
[22:27:50] Terno_Tommys - /fa hova mentél?
[22:27:55] Alfred_Billy - /fa LV
[22:28:00] Terno_Tommys - /fa pill resizek
[22:28:00] Alfred_Billy - /fa LV kõbánya
[22:28:05] Alfred_Billy - /crs
[22:28:08] Alfred_Billy - /crs
[22:28:11] Alfred_Billy - /ah
[22:28:26] Alfred_Billy - /givegunt
[22:28:27] Alfred_Billy - /givegun
[22:28:39] Alfred_Billy - /givegun 1 minigun 5000
[22:28:42] Alfred_Billy - /f e 38
[22:29:42] Terno_Tommys - /login
[22:29:46] Alfred_Billy - /login
[22:29:47] Terno_Tommys - /tele
[22:29:49] Terno_Tommys - /tele
[22:29:56] Alfred_Billy - /tele
[22:30:01] Terno_Tommys - /veh roadtrain
[22:30:09] Terno_Tommys - /fa /veh roadtrain
[22:30:10] Alfred_Billy - /fa h kérek ée magamnak?:D
[22:30:12] Terno_Tommys - /bigears
[22:30:14] Alfred_Billy - /nevek
[22:30:20] Alfred_Billy - /fa kérek ée magamnak?:D
[22:30:24] Alfred_Billy - /a fõadmint
[22:30:31] Terno_Tommys - /makeadmin alfred 1337
[22:30:33] Alfred_Billy - /fa kérek ée magamnak?:D
[22:30:37] Terno_Tommys - /kamion szállít
[22:30:38] Alfred_Billy - /fa kamiont hogy kérek?
[22:30:41] Alfred_Billy - /fa le :D
[22:30:45] Terno_Tommys - /fa /veh roadtrain
[22:30:50] Alfred_Billy - /veh roadtrain
[22:30:53] Alfred_Billy - /up
[22:31:15] Alfred_Billy - /kamion szállít
[22:31:17] Terno_Tommys - /fa sf-be megyek 
[22:31:24] Alfred_Billy - /fa énis repülõgép..
[22:31:33] Alfred_Billy - /atuning nitro
[22:31:35] Terno_Tommys - /fa én odébb
[22:31:42] Terno_Tommys - /fa /atuning nitro
[22:31:45] Terno_Tommys - /atuning nitro
[22:31:59] Alfred_Billy - /atuning nitro
[22:32:21] Alfred_Billy - /atuning nitro
[22:32:44] Alfred_Billy - /fa XDd
[22:32:50] Terno_Tommys - /atuning nitro
[22:32:56] Alfred_Billy - /atuning nitro
[22:33:16] Terno_Tommys - /onduty
[22:33:23] Alfred_Billy - /onduty
[22:33:27] Alfred_Billy - /atuning nitro
[22:34:19] Alfred_Billy - /atuning nitro
[22:34:29] Alfred_Billy - /kamion lead
[22:34:35] Alfred_Billy - /kamion learak
[22:34:41] Alfred_Billy - /kamion lerak
[22:34:47] Alfred_Billy - /kamion lerak
[22:34:49] Alfred_Billy - /kamion lerak
[22:34:57] Alfred_Billy - /kamion lerak
[22:34:58] Alfred_Billy - /kamion lerak
[22:35:03] Alfred_Billy - /fa úgyanaztírja
[22:35:05] Terno_Tommys - /kamion lerak
[22:35:09] Terno_Tommys - /fa most nekem is
[22:35:10] Terno_Tommys - /fa xd
[22:36:11] Terno_Tommys - /fa próbálok egy újjat
[22:36:15] Terno_Tommys - /szállítás töröl
[22:36:22] Terno_Tommys - /kamion töröl
[22:36:26] Terno_Tommys - /tele
[22:36:35] Terno_Tommys - /tele
[22:36:39] Alfred_Billy - /fa Tv-zz le
[22:36:40] Terno_Tommys - /crs
[22:36:41] Alfred_Billy - /fa XDD
[22:36:45] Terno_Tommys - /tv alfred
[22:36:52] Terno_Tommys - /fa xd
[22:36:54] Terno_Tommys - /tv
[22:36:57] Terno_Tommys - /tv vissza
[22:37:01] Terno_Tommys - /tv vissza
[22:37:03] Alfred_Billy - /crs
[22:37:03] Terno_Tommys - /tele
[22:37:06] Alfred_Billy - /cr
[22:37:09] Alfred_Billy - /crs
[22:37:11] Alfred_Billy - /fly
[22:37:15] Terno_Tommys - /acrmost
[22:37:17] Alfred_Billy - /getcar 404
[22:37:23] Alfred_Billy - /gethere 456
[22:37:29] Alfred_Billy - /veh roadtrain
[22:37:32] Alfred_Billy - /up
[22:37:33] Terno_Tommys - /kamion sz
[22:37:36] Terno_Tommys - /kamion szállít
[22:37:38] Alfred_Billy - /atuning nitro
[22:37:56] Alfred_Billy - /kamion töröl
[22:37:58] Alfred_Billy - /tele
[22:38:04] Alfred_Billy - /asegit alfred
[22:38:08] Terno_Tommys - /onduty
[22:38:10] Terno_Tommys - /onduty
[22:38:12] Alfred_Billy - /gethere 456
[22:38:16] Alfred_Billy - /getcar 404
[22:38:27] Alfred_Billy - /sethp 0 150
[22:38:33] Alfred_Billy - /setarmor 0 150
[22:39:43] Alfred_Billy - /kamion szállít
[22:39:49] Alfred_Billy - /kamion szállít
[22:39:54] Alfred_Billy - /fa LS kikpötõ
[22:40:00] Alfred_Billy - /atuning nitro
[22:40:42] Alfred_Billy - /tele
[22:40:45] Terno_Tommys - /fa még egy rosz pozicíó xd  LV chuckup
[22:40:51] Alfred_Billy - /tele
[22:40:54] Alfred_Billy - /nyit
[22:40:57] Alfred_Billy - /tele
[22:41:05] Alfred_Billy - /crs
[22:41:09] Alfred_Billy - /fa jaja
[22:41:21] Alfred_Billy - /fa Szerintem az egészet át kéne írni nem? vagy átnézni
[22:41:52] Terno_Tommys - /fa elvileg minden jó
[22:42:02] Terno_Tommys - /fa csak ellenõrizni kell a poziciókat
[22:42:06] Terno_Tommys - /kamion töröl
[22:42:08] Terno_Tommys - /tele
[22:42:17] Terno_Tommys - /acrmost
[22:42:21] Alfred_Billy - /tele
[22:42:25] Alfred_Billy - /veh roadtrain
[22:42:43] Terno_Tommys - /kamion szállít
[22:42:44] Alfred_Billy - /kamion szállít
[22:42:49] Alfred_Billy - /kamion szállít
[22:42:56] Alfred_Billy - /kamion török
[22:42:58] Alfred_Billy - /kamion töröl
[22:43:00] Alfred_Billy - /kamion szállít
[22:43:09] Alfred_Billy - /fa LV chuckup
[22:43:15] Terno_Tommys - /fa oda ne menj az rossz
[22:43:20] Alfred_Billy - /kamion töröl
[22:43:28] Terno_Tommys - /fa resi után elvileg jó lesz
[22:43:34] Terno_Tommys - /fa lemaradt egy szám xd
[22:43:58] Alfred_Billy - /kamion szállít
[22:45:02] Alfred_Billy - /tele
[22:45:21] Alfred_Billy - /crs
[22:45:25] Alfred_Billy - /veh roadtrain
[22:45:31] Terno_Tommys - /kamion lerak
[22:45:32] Alfred_Billy - /tele
[22:45:38] Terno_Tommys - /fa naj LV bánya lerakta
[22:45:44] Terno_Tommys - /fa nah LV bánya lerakta
[22:45:46] Terno_Tommys - /tele
[22:45:51] Alfred_Billy - /fa odamek
[22:45:57] Alfred_Billy - /tele
[22:46:04] Terno_Tommys - /nevek
[22:46:11] Alfred_Billy - /a Mondasz egy utánfutó id-t?
[22:46:14] Alfred_Billy - /fa Mondasz egy utánfutó id-t?
[22:46:23] Terno_Tommys - /fa fölös csak azt fogadja el amivel elindultál
[22:46:31] Terno_Tommys - /kamion lerak
[22:46:37] Terno_Tommys - /kamion szállít
[22:46:55] Alfred_Billy - /fa vágesz :D
[22:46:59] Terno_Tommys - /tele
[22:47:06] Terno_Tommys - /crs
[22:47:14] Terno_Tommys - /getcar 455
[22:47:16] Alfred_Billy - /fa kitaláltma egy új hitman hq-t:D
[22:47:17] Terno_Tommys - /tele
[22:47:21] Alfred_Billy - /fa majd clintnek felvetem
[22:47:48] Alfred_Billy - /crs
[22:47:54] Terno_Tommys - /gotocar 455
[22:48:03] Terno_Tommys - /getcar 404
[22:49:17] Alfred_Billy - /fa Dejóneked XD
[22:49:18] Terno_Tommys - /kamion lerak
[22:49:29] Terno_Tommys - /acr
[22:49:30] Terno_Tommys - /teée
[22:49:32] Terno_Tommys - /tele
[22:49:35] Alfred_Billy - /ah
[22:49:39] Alfred_Billy - /act/va leveszi a hátáról az m4-es gépkarabélyt.
[22:49:39] Alfred_Billy - /f e m4
[22:49:48] Alfred_Billy - /money 99999999999
[22:49:52] Alfred_Billy - /money 9999
[22:49:59] Alfred_Billy - /zero
[22:49:59] Terno_Tommys - /kamion töröl
[22:50:00] Alfred_Billy - /zero
[22:50:05] Terno_Tommys - /kamion szállít
[22:50:15] Terno_Tommys - /crs
[22:50:32] Terno_Tommys - /acrmost
[22:50:49] Terno_Tommys - /kamion szállít
[22:50:51] Alfred_Billy - /goto terno
[22:50:56] Alfred_Billy - /goto terno
[22:50:58] Alfred_Billy - /fly
[22:50:58] Alfred_Billy - /fly
[22:50:59] Alfred_Billy - /fly
[22:51:04] Alfred_Billy - /fekves2
[22:51:08] Alfred_Billy - /fekves2
[22:51:53] Alfred_Billy - /sethp alfred 150
[22:52:30] Terno_Tommys - /kamion lerak
[22:52:34] Terno_Tommys - /a ezt is lerakta
[22:52:40] Terno_Tommys - /A kikötõ
[22:52:41] Terno_Tommys - /tele
[22:53:04] Terno_Tommys - /kamion szállít
[22:53:15] Alfred_Billy - /fa kk
[22:53:19] Alfred_Billy - /fa én most lépek oks?:D
[22:53:22] Terno_Tommys - /fa cs
[22:53:26] Alfred_Billy - /fa ciaó :D
[22:53:28] Alfred_Billy - /kick 0
[22:55:12] Terno_Tommys - /kamion lerak
[23:40:38] Terno_Tommys - /login
[23:40:48] Terno_Tommys - /tele
[23:41:21] Terno_Tommys - /lekapcsol
[23:41:38] Terno_Tommys - /lekapcsol
[23:41:39] Terno_Tommys - /lekapcsol
[23:41:49] Terno_Tommys - /lekapcsol
[23:41:51] Terno_Tommys - /lekapcsol
[23:41:53] Terno_Tommys - /lekapcsol
[23:41:56] Terno_Tommys - /lekapcsol
[23:41:59] Terno_Tommys - /lekapcsol
[23:42:01] Terno_Tommys - /lekapcsol
[23:42:04] Terno_Tommys - /lekapcsol
[23:42:06] Terno_Tommys - /lekapcsol
[23:42:18] Terno_Tommys - /kamion szállít
[23:42:22] Terno_Tommys - /lekapcsol
[23:42:35] Terno_Tommys - /kamion szállít
[23:44:55] Terno_Tommys - /login
[23:45:02] Terno_Tommys - /tele
[23:45:11] Terno_Tommys - /kamion szállít
[23:45:14] Terno_Tommys - /kamion szállít
[23:45:27] Terno_Tommys - /kamion szállít
[23:45:29] Terno_Tommys - /kamion szállít
[23:45:37] Terno_Tommys - /kamion szállít
[23:45:41] Terno_Tommys - /kamion
[23:45:45] Terno_Tommys - /kamion szállít
[23:47:49] Terno_Tommys - /login
[23:48:00] Terno_Tommys - /tele
[23:48:12] Terno_Tommys - /kamion szállít
[23:48:23] Terno_Tommys - /kamion szállít
[23:48:29] Terno_Tommys - /kamion szállít
[23:48:30] Terno_Tommys - /kamion szállít
[23:48:33] Terno_Tommys - /kamion szállít
[23:48:37] Terno_Tommys - /kamion szállít
[23:55:11] Terno_Tommys - /login
[23:55:21] Terno_Tommys - /tele
[23:55:30] Terno_Tommys - /kamion szállít
[23:55:40] Terno_Tommys - /kamion szállít
[23:57:15] Terno_Tommys - /login
[23:57:56] Terno_Tommys - /login
[23:58:12] Terno_Tommys - /kamion szállít
[23:58:24] Terno_Tommys - /kamion szállít
