[16:22:09] Terno_Tommys - /login
[16:22:19] Terno_Tommys - /fish
[16:23:41] Terno_Tommys - //rentcar
[16:23:44] Terno_Tommys - /rentcar
[16:23:51] Terno_Tommys - /tele
[16:24:13] Terno_Tommys - /enter
[16:24:17] Terno_Tommys - /buy
[16:24:22] Terno_Tommys - /buy
[16:24:27] Terno_Tommys - /exit
[16:24:32] Terno_Tommys - /zsebem
[16:24:41] Terno_Tommys - /tele
[16:24:53] Terno_Tommys - /motor
[16:24:59] Terno_Tommys - /fish
[16:25:02] Terno_Tommys - /fish
[16:25:04] Terno_Tommys - /fish
[16:25:08] Terno_Tommys - /fish
[16:25:12] Terno_Tommys - /fish
[16:25:16] Terno_Tommys - /fish
[16:25:20] Terno_Tommys - /fish
[16:25:24] Terno_Tommys - /fish
[16:25:25] Terno_Tommys - /fish
[16:25:29] Terno_Tommys - /fishhelp
[16:25:39] Terno_Tommys - /throwback
[16:25:42] Terno_Tommys - /fish
[16:25:45] Terno_Tommys - /fish
[16:25:49] Terno_Tommys - /fish
[16:25:54] Terno_Tommys - /fish
[16:25:57] Terno_Tommys - /fish
[16:26:01] Terno_Tommys - /fish
[16:26:03] Terno_Tommys - /fish
[16:26:15] Terno_Tommys - /fish
[16:26:26] Terno_Tommys - /throwbackall
[16:26:29] Terno_Tommys - /fishes
[16:28:37] Terno_Tommys - /veh maverick
[16:28:45] Terno_Tommys - /veh jetmax
[16:28:53] Terno_Tommys - /up
[16:28:54] Terno_Tommys - /up
[16:28:58] Terno_Tommys - /fish
[16:29:03] Terno_Tommys - /fish
[16:29:04] Terno_Tommys - /fish
[16:29:11] Terno_Tommys - /fish
[16:57:19] Terno_Tommys - /login
[16:57:28] Terno_Tommys - /fish
[16:57:34] Terno_Tommys - /tele
[16:57:50] Terno_Tommys - /veh hotringa
[16:57:53] Terno_Tommys - /alefoglal
[16:58:07] Terno_Tommys - /motor
[16:58:09] Terno_Tommys - /enter
[16:58:14] Terno_Tommys - /buy
[16:58:18] Terno_Tommys - /buy
[16:58:23] Terno_Tommys - /exit
[16:58:30] Terno_Tommys - /tele
[16:58:37] Terno_Tommys - /motor
[16:58:48] Terno_Tommys - /veh jetmax
[16:58:58] Terno_Tommys - /fish
[16:59:01] Terno_Tommys - /fish
[16:59:13] Terno_Tommys - /fish
[16:59:14] Terno_Tommys - /fish
[16:59:17] Terno_Tommys - /fish
[16:59:33] Terno_Tommys - /fish
[16:59:35] Terno_Tommys - /fish
[16:59:37] Terno_Tommys - /fish
[16:59:40] Terno_Tommys - /fish
[17:00:25] Terno_Tommys - /fish
[17:00:58] Terno_Tommys - /motor
[17:01:06] Terno_Tommys - /fish
[17:01:09] Terno_Tommys - /fish
[17:01:13] Terno_Tommys - /fish
[17:01:16] Terno_Tommys - /fish
[17:01:20] Terno_Tommys - /fish
[17:01:25] Terno_Tommys - /fish
[17:01:30] Terno_Tommys - /fishhelp
[17:01:36] Terno_Tommys - /throwbackall
[17:01:40] Terno_Tommys - /fish
