[18:05:48] Terno_Tommys - /login
[18:05:56] Terno_Tommys - /tele
[18:06:17] Terno_Tommys - /fish
[18:06:20] Terno_Tommys - /fish
[18:06:24] Terno_Tommys - /fish
[18:06:29] Terno_Tommys - /fish
[18:06:34] Terno_Tommys - /fish
[18:06:38] Terno_Tommys - /fish
[18:06:41] Terno_Tommys - /fish
[18:06:45] Terno_Tommys - /fish
[18:06:49] Terno_Tommys - /fish
[18:06:54] Terno_Tommys - /fishhelp
[18:07:13] Terno_Tommys - /throwback
[18:07:20] Terno_Tommys - /throwback
[18:07:22] Terno_Tommys - /throwback
[18:07:25] Terno_Tommys - /fishes
[18:07:29] Terno_Tommys - /fish
[18:07:39] Terno_Tommys - /throwbackall
[18:07:41] Terno_Tommys - /throwbackall
[18:07:51] Terno_Tommys - /throwbackall
[18:07:54] Terno_Tommys - /fish
[18:13:38] Terno_Tommys - /login
[18:13:46] Terno_Tommys - /tele
[18:14:04] Terno_Tommys - /fish
[18:14:07] Terno_Tommys - /fish
[18:14:10] Terno_Tommys - /fish
[18:14:14] Terno_Tommys - /fish
[18:14:17] Terno_Tommys - /fish
[18:14:21] Terno_Tommys - /fish
[18:14:25] Terno_Tommys - /fish
[18:14:28] Terno_Tommys - /fish
[18:14:32] Terno_Tommys - /fish
[18:14:35] Terno_Tommys - /fish
[18:14:38] Terno_Tommys - /fish
[18:14:41] Terno_Tommys - /fish
[18:14:44] Terno_Tommys - /fish
[18:14:47] Terno_Tommys - /fish
[18:14:49] Terno_Tommys - /fish
[18:14:52] Terno_Tommys - /fish
[18:14:59] Terno_Tommys - /fish
[18:15:04] Terno_Tommys - /fishhelp
[18:15:16] Terno_Tommys - /throwback
[18:15:19] Terno_Tommys - /fish
[18:15:20] Terno_Tommys - /fish
[18:15:35] Terno_Tommys - /throwbackall
[18:15:37] Terno_Tommys - /fish
[18:15:38] Terno_Tommys - /fish
[18:15:40] Terno_Tommys - /fish
[18:20:38] Terno_Tommys - /admins
[18:20:53] Terno_Tommys - /FISHES
[18:22:00] Denaro_Zecchin - /login
[18:22:17] Denaro_Zecchin - //admins
[18:22:17] Terno_Tommys - /gethere 1
[18:22:24] Terno_Tommys - /admins
[18:22:25] Denaro_Zecchin - /report join 1
[18:22:26] Terno_Tommys - /a cs
[18:22:28] Denaro_Zecchin - /a cs
[18:22:31] Terno_Tommys - /tele
[18:22:33] Denaro_Zecchin - /a aj
[18:22:34] Denaro_Zecchin - /a :D
[18:22:36] Terno_Tommys - /tele
[18:22:39] Denaro_Zecchin - /jail denaro admin 0 .
[18:22:41] Terno_Tommys - /a tele kamion
[18:22:44] Denaro_Zecchin - /goto terno
[18:22:47] Denaro_Zecchin - /tele
[18:22:50] Terno_Tommys - /veh infernus
[18:22:54] Terno_Tommys - /nevek
[18:23:28] Denaro_Zecchin - /AHELP
[18:23:34] Terno_Tommys - /a na ez az amit nem tudom miért van néha
[18:23:44] Denaro_Zecchin - /a h igy kidob?
[18:23:48] Terno_Tommys - /a ja
[18:24:08] Denaro_Zecchin - /biz
[18:24:13] Terno_Tommys - /motor
[18:24:35] Terno_Tommys - /a pakold el õket az útból
[18:24:46] Denaro_Zecchin - /money denaro 50000
[18:24:53] Denaro_Zecchin - /rentcar
[18:25:01] Denaro_Zecchin - /motor
[18:25:05] Denaro_Zecchin - /a aparkal?
[18:25:05] Terno_Tommys - /alefoglal
[18:25:11] Terno_Tommys - /alefoglal
[18:25:14] Terno_Tommys - /rendszám
[18:25:17] Denaro_Zecchin - /rentcar
[18:25:20] Terno_Tommys - /getcar 440
[18:25:26] Denaro_Zecchin - /motor
[18:25:27] Terno_Tommys - /rendszám
[18:25:33] Terno_Tommys - /getcar 439
[18:25:35] Denaro_Zecchin - /rentcar
[18:25:37] Terno_Tommys - /rendszám
[18:25:41] Denaro_Zecchin - /motor
[18:25:43] Terno_Tommys - /getcar 441
[18:25:53] Terno_Tommys - /a nah és most kb oda álsz ahova akarod
[18:25:57] Terno_Tommys - /a azt /veh neve
[18:26:06] Terno_Tommys - /a azt lementem 
[18:26:07] Denaro_Zecchin - /veh infernus
[18:26:12] Terno_Tommys - /a berakom azt resi xd
[18:26:24] Denaro_Zecchin - /veh sultan
[18:27:22] Denaro_Zecchin - /motor
[18:27:33] Denaro_Zecchin - /motor
[18:28:03] Denaro_Zecchin - /motor
[18:28:13] Denaro_Zecchin - /veh buffalo
[18:28:46] Denaro_Zecchin - /motor
[18:28:55] Terno_Tommys - /a modba megvannak hol vannak
[18:28:57] Denaro_Zecchin - /veh stretch
[18:29:01] Terno_Tommys - /rendszám
[18:29:06] Terno_Tommys - /getcar 457
[18:29:26] Terno_Tommys - /buybiz
[18:29:28] Denaro_Zecchin - /motor
[18:29:34] Denaro_Zecchin - /veh burrito
[18:29:34] Terno_Tommys - /adminadomany terno 50000000
[18:29:36] Terno_Tommys - /buybiz
[18:29:52] Terno_Tommys - /biz go 1
[18:29:56] Terno_Tommys - /biz go 2
[18:29:58] Terno_Tommys - /biz go 3
[18:30:00] Terno_Tommys - /biz go 4
[18:30:00] Denaro_Zecchin - /motor
[18:30:07] Terno_Tommys - /enter biz 4
[18:30:14] Terno_Tommys - /biz enter 4
[18:30:22] Terno_Tommys - /a megvettem xd
[18:30:26] Denaro_Zecchin - /motor
[18:30:27] Denaro_Zecchin - /a :D
[18:30:35] Denaro_Zecchin - /veh bmx
[18:31:02] Denaro_Zecchin - /veh nrg-500
[18:31:05] Denaro_Zecchin - /veh nrg500
[18:31:28] Denaro_Zecchin - /motor
[18:31:48] Denaro_Zecchin - /veh mesa
[18:32:07] Denaro_Zecchin - /motor
[18:32:21] Denaro_Zecchin - /a be kell állitani szépen izlésesen azt rádbizom :D
[18:32:26] Denaro_Zecchin - /a ennyi lenne 8 db
[18:32:37] Terno_Tommys - /a nah egy teszt mindjárt resi lesz nem fog szólni pill
[18:32:44] Denaro_Zecchin - /a ok
[18:33:05] Denaro_Zecchin - /a gyorsan lefürdök
[18:37:59] Terno_Tommys - /login
[18:38:07] Terno_Tommys - /tele
[18:38:12] Terno_Tommys - /biz go 4
[18:38:22] Terno_Tommys - /a /biz go 4
[18:38:34] Terno_Tommys - /a /biz go 4
[18:38:43] Terno_Tommys - /a egyet véletlenül benne hagytam xd
[18:39:01] Terno_Tommys - /acrmost
[18:41:35] Denaro_Zecchin - /login
[18:41:49] Denaro_Zecchin - /jail denaro admin 0
[18:41:54] Denaro_Zecchin - /jaildenaro admin 0
[18:41:58] Denaro_Zecchin - /jail denaro admin 0
[18:42:00] Denaro_Zecchin - /jail denaro admin 0 .
[18:42:07] Denaro_Zecchin - /goto 29
[18:42:11] Denaro_Zecchin - /goto 0
[18:44:55] Denaro_Zecchin - /login
[18:45:02] Terno_Tommys - /login
[18:45:09] Denaro_Zecchin - /jail admin denaro 0 .
[18:45:12] Terno_Tommys - /biz go 4
[18:45:15] Denaro_Zecchin - /jail admin denaro 0 .
[18:45:28] Denaro_Zecchin - /jail denaro admin 0 .
[18:45:34] Denaro_Zecchin - /goto terno
[18:47:25] Denaro_Zecchin - /asegit den
[18:47:46] Terno_Tommys - /login
[18:47:51] Denaro_Zecchin - /login
[18:47:52] Terno_Tommys - /biz go 4
[18:48:05] Terno_Tommys - /asayn /biz go 4
[18:48:13] Denaro_Zecchin - /a miért rak mindig aj?
[18:48:20] Denaro_Zecchin - /jail denaro admin 0 .
[18:48:26] Terno_Tommys - /a mert nem menti a helyzeted csak 15 percenként
[18:48:30] Terno_Tommys - /a vagy ha kilépsz
[18:48:34] Denaro_Zecchin - /goto terno
[18:48:37] Terno_Tommys - /a ha én bezárom adat mentés nélkül
[18:48:42] Terno_Tommys - /a indul újra
[18:48:45] Terno_Tommys - /a ez 7 nem 8
[18:49:03] Denaro_Zecchin - /veh mesa
[18:49:25] Terno_Tommys - /motor
[18:51:23] Denaro_Zecchin - /login
[18:51:28] Terno_Tommys - /login
[18:51:37] Denaro_Zecchin - /jail denaro admin 0 .
[18:51:38] Terno_Tommys - /biz go 4
[18:51:43] Denaro_Zecchin - /goto terno
[18:52:30] Terno_Tommys - /fish
[18:53:32] Terno_Tommys - /fish
[18:53:37] Denaro_Zecchin - /fish
[18:53:59] Denaro_Zecchin - /asegit den
