[19:05:07] Terno_Tommys - /login
[19:05:28] Terno_Tommys - /admins
[19:05:36] Terno_Tommys - /nevek
[19:08:01] Terno_Tommys - /login
[19:08:09] Terno_Tommys - /admins
[19:08:29] Terno_Tommys - /tele
[19:08:35] Terno_Tommys - /makeadmin
[19:08:41] Terno_Tommys - /makeadmin terno_T 5555
[19:08:46] Terno_Tommys - /admins
[19:08:49] Terno_Tommys - /a 
[19:08:51] Terno_Tommys - /a a
[19:08:55] Terno_Tommys - /ah
[19:09:14] Terno_Tommys - /tele
[19:34:02] Terno_Tommys - /login
[19:34:13] Terno_Tommys - /kamion
[19:34:16] Terno_Tommys - /veh
[19:34:23] Terno_Tommys - /veh roadtrain 1 1
[19:35:23] Terno_Tommys - /kamion
[19:35:26] Terno_Tommys - /kamion szállít
[19:38:02] Terno_Tommys - /login
[19:38:10] Terno_Tommys - /tele
[19:38:22] Terno_Tommys - /veh roadtrain 1
[19:38:59] Terno_Tommys - /kamion
[19:39:06] Terno_Tommys - /kamion szállít
[19:40:39] Terno_Tommys - /kamion szállít
[19:41:27] Terno_Tommys - /kamion szállít
[19:42:12] Terno_Tommys - /kamion szállít
[19:42:27] Terno_Tommys - /kamion szállít
[19:42:32] Terno_Tommys - /kamion szállít
[19:42:44] Terno_Tommys - /kamion szállít
[19:42:46] Terno_Tommys - /kamion szállít
[19:42:47] Terno_Tommys - /kamion szállít
[19:42:48] Terno_Tommys - /kamion szállít
[19:42:49] Terno_Tommys - /kamion szállít
[19:42:50] Terno_Tommys - /kamion szállít
[19:42:52] Terno_Tommys - /kamion szállít
[19:42:53] Terno_Tommys - /kamion szállít
[19:42:54] Terno_Tommys - /kamion szállít
[19:49:52] Terno_Tommys - /login
[19:50:02] Terno_Tommys - /tele
[19:50:15] Terno_Tommys - /veh roadtrain
[19:50:20] Terno_Tommys - /stats
[19:50:57] Terno_Tommys - /kamion szállít
[19:51:09] Terno_Tommys - /kamion szállít
[19:51:10] Terno_Tommys - /kamion szállít
[19:51:11] Terno_Tommys - /kamion szállít
[19:51:12] Terno_Tommys - /kamion szállít
[19:51:25] Terno_Tommys - /kamion szállít
[19:51:27] Terno_Tommys - /kamion szállít
[19:51:30] Terno_Tommys - /kamion szállít
[19:51:32] Terno_Tommys - /kamion szállít
[19:51:33] Terno_Tommys - /kamion szállít
[19:56:47] Terno_Tommys - /login
[19:57:00] Terno_Tommys - /kr a
[19:57:15] Terno_Tommys - /kamion szállít
[19:57:17] Terno_Tommys - /kamion szállít
[19:57:18] Terno_Tommys - /kamion szállít
[19:57:20] Terno_Tommys - /kamion szállít
