[17:07:08] Terno_Tommys mondja: vet/aukció eladható ház
[21:20:24] Malor_Cortez mondja: asd
[21:20:26] Malor_Cortez mondja: na
[21:20:27] Malor_Cortez mondja: ts?
[21:20:28] Terno_Tommys mondja OOC: (( /tele  ))
[21:20:31] Terno_Tommys mondja OOC: (( kamionra ))
[21:21:20] Malor_Cortez mondja OOC: (( adj kjamion melót ))
[21:22:15] Terno_Tommys mondja OOC: (( xd ))
[22:21:01] [Jármûben] Terno_Tommys mondja: ok?
[22:21:06] [Jármûben] Terno_Tommys mondja: nah így látod ha írok
[22:21:19] [Jármûben] Terno_Tommys mondja: írj csak simán
[22:21:54] Terno_Tommys mondja OOC: (( most? ))
[22:21:57] Alfred_Billy mondja OOC: (( most jó ))
[22:22:00] [Jármûben] Terno_Tommys mondja: okés
[22:22:15] [Jármûben] Terno_Tommys mondja: így egyszerûbb
[22:22:30] [Jármûben] Alfred_Billy mondja: Szerintem nem vetted fel az árút vagy elhagytad! ezt írja
[22:22:48] [Jármûben] Terno_Tommys mondja: mit?
[22:22:50] [Jármûben] Alfred_Billy mondja: Szerintem nem vetted fel az árút vagy elhagytad! ezt írja
[22:23:07] [Jármûben] Alfred_Billy mondja: hallasz?
[22:23:09] [Jármûben] Terno_Tommys mondja: nevetést látom
[22:23:15] [Jármûben] Terno_Tommys mondja: én beértem
[22:23:25] [Jármûben] Terno_Tommys mondja: megyek köviért /tele
[22:38:08] Alfred_Billy mondja OOC: (( XD ))
[22:38:14] Terno_Tommys mondja OOC: (( ? ))
