[00:14:06] Terno_Tommys mondja: dl
[00:25:17] Harold_Sylvester mondja: gyáá
[00:25:30] Harold_Sylvester mondja: Ki fognak nyírni
[00:25:35] Harold_Sylvester mondja: Tartozásom van
[00:26:23] Harold_Sylvester mondja: Jeee
[00:27:16] Harold_Sylvester ordítja: Indián!!
[00:28:07] [Jármûben] Harold_Sylvester mondja: Ls Kikötõ
[00:32:45] Harold_Sylvester ordítja: Szia Baby!!
[00:42:19] Harold_Sylvester mondja OOC: (( He? ))
[00:44:56] [Jármûben] Terno_Kiss_Rati mondja: buziiiiiiiii kamion
[00:52:56] [Jármûben] Harold_Sylvester mondja: Zsír a buli
[00:55:49] Harold_Sylvester mondja: Ez a kis buli
[00:55:57] Terno_Tommys mondja: tûûûzííjáátééék
[00:55:57] Harold_Sylvester mondja: Ugye tudod hogy 100m-be fog fájni
[00:56:13] Harold_Sylvester mondja: Tudod milyen nehéz volt ennyi pakisztáni árvát megölni a robbanó cuccokért
[00:56:34] Harold_Sylvester mondja: Kifagyasztottad banyek
[00:57:22] Harold_Sylvester mondja: Na élvezd amúgy mögötted
[00:57:27] Harold_Sylvester mondja: Müködj
[00:57:35] Harold_Sylvester mondja: Szerintem itt sincs
[00:57:48] Harold_Sylvester ordítja: Jó a kislátás!!
[00:57:58] Harold_Sylvester mondja: Dááá szíp
[00:58:14] Harold_Sylvester ordítja: CSAPJAD NEKI!!
[00:58:17] Terno_Tommys mondja: jeee
[00:58:57] Harold_Sylvester mondja: Nem problem
[00:59:02] Harold_Sylvester ordítja: BÁNZÁJ!!
[15:08:39] [Terno_Tommys]* Valaki kinyitja a kaput a távírányítóval
[17:16:10] [Terno_Tommys]* Valaki kinyitja a kaput a távírányítóval
[17:34:17] Terno_Tommys mondja: enter
[19:05:02] Harold_Sylvester ordítja: MEGJÖTT A PRÓÓÓÓ!!
[19:05:09] Terno_Tommys mondja: gyere be
[19:10:21] Franklin_C_Simons mondja: Hélló
[19:10:31] Franklin_C_Simons mondja: Mama
[19:10:49] Terno_Tommys mondja: nah harold nem gyün vissza? 
[19:11:07] Terno_Tommys mondja: nah mindegy jer be PB
[19:11:12] Franklin_C_Simons mondja: lassú vagy
[19:11:13] Terno_Tommys ordítja: sietek!!
[19:11:21] Terno_Tommys ordítja: go be!!
[19:11:29] Harold_Sylvester mondja: Crash
[19:15:21] [Terno_Tommys]* Valaki kinyitja a kaput a távírányítóval
[19:15:54] Franklin_C_Simons mondja: Lol
[19:24:36] Terno_Tommys mondja: #objdel
[19:27:54] Franklin_C_Simons mondja OOC: (( done ))
[19:28:17] Franklin_C_Simons mondja OOC: (( Skin választás ))
[19:28:22] (( [1]Franklin_C_Simons: Skin választás ))
[19:34:55] Harold_Sylvester mondja: Lépek át see-re
[19:35:02] Harold_Sylvester mondja: Na megyek innen bb
